#
# There is insufficient memory for the Java Runtime Environment to continue.
# Native memory allocation (malloc) failed to allocate 1374736 bytes for Chunk::new
# Possible reasons:
#   The system is out of physical RAM or swap space
#   The process is running with CompressedOops enabled, and the Java Heap may be blocking the growth of the native heap
# Possible solutions:
#   Reduce memory load on the system
#   Increase physical memory or swap space
#   Check if swap backing store is full
#   Decrease Java heap size (-Xmx/-Xms)
#   Decrease number of Java threads
#   Decrease Java thread stack sizes (-Xss)
#   Set larger code cache with -XX:ReservedCodeCacheSize=
#   JVM is running with Unscaled Compressed Oops mode in which the Java heap is
#     placed in the first 4GB address space. The Java Heap base address is the
#     maximum limit for the native heap growth. Please use -XX:HeapBaseMinAddress
#     to set the Java Heap base and to place the Java Heap above 4GB virtual address.
# This output file may be truncated or incomplete.
#
#  Out of Memory Error (allocation.cpp:389), pid=10108, tid=0x00000000000010bc
#
# JRE version: OpenJDK Runtime Environment (8.0_242-b01) (build 1.8.0_242-release-1644-b01)
# Java VM: OpenJDK 64-Bit Server VM (25.242-b01 mixed mode windows-amd64 compressed oops)
# Failed to write core dump. Minidumps are not enabled by default on client versions of Windows
#

---------------  T H R E A D  ---------------

Current thread (0x0000000017f34000):  JavaThread "C2 CompilerThread0" daemon [_thread_in_native, id=4284, stack(0x0000000019590000,0x0000000019690000)]

Stack: [0x0000000019590000,0x0000000019690000]
[error occurred during error reporting (printing stack bounds), id 0xc0000005]

Native frames: (J=compiled Java code, j=interpreted, Vv=VM code, C=native code)


Current CompileTask:
C2: 563414 24194       4       java.io.ObjectOutputStream::writeClassDesc (60 bytes)


---------------  P R O C E S S  ---------------

Java Threads: ( => current thread )
  0x000000001ffb4000 JavaThread "stdout" [_thread_in_native, id=9724, stack(0x0000000054f60000,0x0000000055060000)]
  0x000000001ffb6800 JavaThread "stderr" [_thread_in_native, id=8140, stack(0x0000000054e60000,0x0000000054f60000)]
  0x000000001ffb2800 JavaThread "stdout" [_thread_in_native, id=6320, stack(0x0000000054d60000,0x0000000054e60000)]
  0x000000001ffb8800 JavaThread "stderr" [_thread_in_native, id=656, stack(0x0000000054c60000,0x0000000054d60000)]
  0x000000001ffb5800 JavaThread "stdout" [_thread_in_native, id=1164, stack(0x0000000054b60000,0x0000000054c60000)]
  0x000000001ffb5000 JavaThread "stderr" [_thread_in_native, id=9956, stack(0x0000000054a60000,0x0000000054b60000)]
  0x000000001ffb7000 JavaThread "stdout" [_thread_in_native, id=4212, stack(0x0000000054960000,0x0000000054a60000)]
  0x000000001ffaa800 JavaThread "stderr" [_thread_in_native, id=7760, stack(0x0000000054860000,0x0000000054960000)]
  0x000000001ffb0800 JavaThread "pool-14-thread-1" [_thread_blocked, id=9320, stack(0x0000000054760000,0x0000000054860000)]
  0x000000001ffaf800 JavaThread "WorkerExecutor Queue Thread 4" [_thread_blocked, id=212, stack(0x0000000054660000,0x0000000054760000)]
  0x000000001ffac800 JavaThread "WorkerExecutor Queue Thread 3" [_thread_blocked, id=8396, stack(0x0000000054560000,0x0000000054660000)]
  0x000000001ffb1000 JavaThread "WorkerExecutor Queue Thread 2" [_thread_blocked, id=4528, stack(0x0000000054460000,0x0000000054560000)]
  0x000000001ffac000 JavaThread "WorkerExecutor Queue" [_thread_blocked, id=9484, stack(0x0000000054360000,0x0000000054460000)]
  0x000000001ed5e000 JavaThread "Cache worker for execution history cache (C:\Users\pc\AndroidStudioProjects\Vkfriends\.gradle\6.5\executionHistory)" [_thread_blocked, id=6612, stack(0x0000000054260000,0x0000000054360000)]
  0x0000000020f07000 JavaThread "Execution worker for ':' Thread 3" [_thread_in_native, id=10160, stack(0x0000000054160000,0x0000000054260000)]
  0x0000000020c96000 JavaThread "Execution worker for ':' Thread 2" [_thread_blocked, id=4140, stack(0x0000000054060000,0x0000000054160000)]
  0x0000000020c93800 JavaThread "Execution worker for ':'" [_thread_blocked, id=7288, stack(0x0000000053f60000,0x0000000054060000)]
  0x0000000020c94800 JavaThread "Cache worker for file content cache (C:\Users\pc\AndroidStudioProjects\Vkfriends\.gradle\6.5\fileContent)" [_thread_blocked, id=1192, stack(0x0000000053e60000,0x0000000053f60000)]
  0x0000000020c8b800 JavaThread "Cache worker for Build Output Cleanup Cache (C:\Users\pc\AndroidStudioProjects\Vkfriends\.gradle\buildOutputCleanup)" [_thread_blocked, id=4276, stack(0x0000000053d60000,0x0000000053e60000)]
  0x0000000020c92000 JavaThread "Build operations Thread 4" [_thread_blocked, id=604, stack(0x0000000053c60000,0x0000000053d60000)]
  0x0000000020c89000 JavaThread "Build operations Thread 3" [_thread_blocked, id=1620, stack(0x0000000053b60000,0x0000000053c60000)]
  0x0000000020c8a800 JavaThread "Build operations Thread 2" [_thread_blocked, id=2792, stack(0x0000000053a60000,0x0000000053b60000)]
  0x0000000020c91800 JavaThread "gradle-enterprise-worker-0" [_thread_blocked, id=9480, stack(0x0000000053960000,0x0000000053a60000)]
  0x0000000020f01800 JavaThread "Build operations" [_thread_blocked, id=2216, stack(0x0000000053760000,0x0000000053860000)]
  0x0000000020f06000 JavaThread "Cache worker for cache directory md-rule (C:\Users\pc\.gradle\caches\6.5\md-rule)" [_thread_blocked, id=4248, stack(0x0000000053360000,0x0000000053460000)]
  0x0000000020f05800 JavaThread "Cache worker for cache directory md-supplier (C:\Users\pc\.gradle\caches\6.5\md-supplier)" [_thread_blocked, id=1272, stack(0x0000000053260000,0x0000000053360000)]
  0x0000000020efe000 JavaThread "Cache worker for checksums cache (C:\Users\pc\AndroidStudioProjects\Vkfriends\.gradle\checksums)" [_thread_blocked, id=6044, stack(0x0000000053160000,0x0000000053260000)]
  0x0000000020eff800 JavaThread "Cache worker for file hash cache (C:\Users\pc\AndroidStudioProjects\Vkfriends\.gradle\6.5\fileHashes)" [_thread_blocked, id=9568, stack(0x0000000053060000,0x0000000053160000)]
  0x0000000020efe800 JavaThread "Thread-590" [_thread_blocked, id=6440, stack(0x0000000052f60000,0x0000000053060000)]
  0x0000000020f04800 JavaThread "Stdin handler" [_thread_blocked, id=764, stack(0x0000000052e60000,0x0000000052f60000)]
  0x0000000020efd000 JavaThread "Asynchronous log dispatcher for DefaultDaemonConnection: socket connection from /127.0.0.1:50582 to /127.0.0.1:50656" [_thread_blocked, id=9772, stack(0x0000000052d60000,0x0000000052e60000)]
  0x0000000020f04000 JavaThread "Cancel handler" [_thread_blocked, id=2980, stack(0x0000000052c60000,0x0000000052d60000)]
  0x0000000020f02800 JavaThread "Handler for socket connection from /127.0.0.1:50582 to /127.0.0.1:50656" [_thread_in_native, id=9280, stack(0x0000000052b60000,0x0000000052c60000)]
  0x0000000020c8e800 JavaThread "jar transforms Thread 456" [_thread_blocked, id=5472, stack(0x0000000051a60000,0x0000000051b60000)]
  0x0000000020c8a000 JavaThread "jar transforms Thread 455" [_thread_blocked, id=7580, stack(0x0000000051960000,0x0000000051a60000)]
  0x0000000020c8d800 JavaThread "jar transforms Thread 454" [_thread_blocked, id=8, stack(0x0000000051860000,0x0000000051960000)]
  0x0000000020c90000 JavaThread "jar transforms Thread 453" [_thread_blocked, id=1912, stack(0x0000000051760000,0x0000000051860000)]
  0x0000000020c8c000 JavaThread "jar transforms Thread 452" [_thread_blocked, id=3060, stack(0x0000000051660000,0x0000000051760000)]
  0x0000000020c8f000 JavaThread "jar transforms Thread 451" [_thread_blocked, id=9736, stack(0x0000000051560000,0x0000000051660000)]
  0x0000000017f50800 JavaThread "jar transforms Thread 450" [_thread_blocked, id=3524, stack(0x0000000051460000,0x0000000051560000)]
  0x0000000017f4f000 JavaThread "jar transforms Thread 449" [_thread_blocked, id=3980, stack(0x0000000051360000,0x0000000051460000)]
  0x0000000017f4d800 JavaThread "jar transforms Thread 448" [_thread_blocked, id=9672, stack(0x0000000051260000,0x0000000051360000)]
  0x0000000017f4c000 JavaThread "jar transforms Thread 447" [_thread_blocked, id=1504, stack(0x0000000051160000,0x0000000051260000)]
  0x0000000017f4e800 JavaThread "jar transforms Thread 446" [_thread_blocked, id=3000, stack(0x0000000051060000,0x0000000051160000)]
  0x000000001ed36800 JavaThread "jar transforms Thread 445" [_thread_blocked, id=2920, stack(0x0000000050f60000,0x0000000051060000)]
  0x000000001ed2e000 JavaThread "jar transforms Thread 444" [_thread_blocked, id=5804, stack(0x0000000050e60000,0x0000000050f60000)]
  0x000000001ed35000 JavaThread "jar transforms Thread 443" [_thread_blocked, id=7888, stack(0x0000000050d60000,0x0000000050e60000)]
  0x000000001ed2d800 JavaThread "jar transforms Thread 442" [_thread_blocked, id=1184, stack(0x0000000050c60000,0x0000000050d60000)]
  0x000000001ed32800 JavaThread "jar transforms Thread 441" [_thread_blocked, id=5984, stack(0x0000000050b60000,0x0000000050c60000)]
  0x000000001ed2b000 JavaThread "jar transforms Thread 440" [_thread_blocked, id=5832, stack(0x0000000050a60000,0x0000000050b60000)]
  0x000000001ed2a800 JavaThread "jar transforms Thread 439" [_thread_blocked, id=7544, stack(0x000000004ff40000,0x0000000050040000)]
  0x000000001ed29800 JavaThread "jar transforms Thread 438" [_thread_blocked, id=7256, stack(0x000000004fe40000,0x000000004ff40000)]
  0x000000001ed2c800 JavaThread "jar transforms Thread 437" [_thread_blocked, id=6816, stack(0x000000004fd40000,0x000000004fe40000)]
  0x000000001ed2c000 JavaThread "jar transforms Thread 436" [_thread_blocked, id=9268, stack(0x000000004fc40000,0x000000004fd40000)]
  0x000000001ed5c800 JavaThread "jar transforms Thread 435" [_thread_blocked, id=572, stack(0x000000004fb40000,0x000000004fc40000)]
  0x000000001ed5c000 JavaThread "jar transforms Thread 434" [_thread_blocked, id=9124, stack(0x000000004fa40000,0x000000004fb40000)]
  0x000000001ed5b000 JavaThread "jar transforms Thread 433" [_thread_blocked, id=9592, stack(0x000000004f940000,0x000000004fa40000)]
  0x000000001ed5f800 JavaThread "jar transforms Thread 432" [_thread_blocked, id=7952, stack(0x000000004f840000,0x000000004f940000)]
  0x000000001ed58000 JavaThread "jar transforms Thread 431" [_thread_blocked, id=3192, stack(0x000000004f740000,0x000000004f840000)]
  0x000000001ed5a800 JavaThread "jar transforms Thread 430" [_thread_blocked, id=6328, stack(0x000000004f640000,0x000000004f740000)]
  0x000000001ed5f000 JavaThread "jar transforms Thread 429" [_thread_blocked, id=2124, stack(0x000000004f540000,0x000000004f640000)]
  0x000000001ed5d800 JavaThread "jar transforms Thread 428" [_thread_blocked, id=4244, stack(0x000000004f440000,0x000000004f540000)]
  0x000000001ed57800 JavaThread "jar transforms Thread 427" [_thread_blocked, id=6860, stack(0x000000004f340000,0x000000004f440000)]
  0x000000001ed51800 JavaThread "jar transforms Thread 426" [_thread_blocked, id=9512, stack(0x000000004f240000,0x000000004f340000)]
  0x000000001ed53000 JavaThread "jar transforms Thread 425" [_thread_blocked, id=9612, stack(0x000000004f140000,0x000000004f240000)]
  0x000000001ed56800 JavaThread "jar transforms Thread 424" [_thread_blocked, id=6784, stack(0x000000004f040000,0x000000004f140000)]
  0x000000001ed53800 JavaThread "jar transforms Thread 423" [_thread_blocked, id=3028, stack(0x000000004ef40000,0x000000004f040000)]
  0x000000001ed50800 JavaThread "jar transforms Thread 422" [_thread_blocked, id=9668, stack(0x000000004ee40000,0x000000004ef40000)]
  0x000000001ed55000 JavaThread "jar transforms Thread 421" [_thread_blocked, id=8108, stack(0x000000004ed40000,0x000000004ee40000)]
  0x000000001a70d000 JavaThread "jar transforms Thread 420" [_thread_blocked, id=8348, stack(0x000000004ec40000,0x000000004ed40000)]
  0x000000001a70c800 JavaThread "jar transforms Thread 419" [_thread_blocked, id=1728, stack(0x000000004eb40000,0x000000004ec40000)]
  0x000000001a70b800 JavaThread "jar transforms Thread 418" [_thread_blocked, id=3284, stack(0x000000004ea40000,0x000000004eb40000)]
  0x000000001a70b000 JavaThread "jar transforms Thread 417" [_thread_blocked, id=5428, stack(0x000000004e940000,0x000000004ea40000)]
  0x000000001a70a000 JavaThread "jar transforms Thread 416" [_thread_blocked, id=6716, stack(0x000000004e840000,0x000000004e940000)]
  0x000000001a708800 JavaThread "jar transforms Thread 415" [_thread_blocked, id=6468, stack(0x000000004e740000,0x000000004e840000)]
  0x000000001a709800 JavaThread "jar transforms Thread 414" [_thread_blocked, id=3956, stack(0x000000004e640000,0x000000004e740000)]
  0x000000001a701000 JavaThread "jar transforms Thread 413" [_thread_blocked, id=2144, stack(0x000000004e540000,0x000000004e640000)]
  0x000000001a708000 JavaThread "jar transforms Thread 412" [_thread_blocked, id=10024, stack(0x000000004e440000,0x000000004e540000)]
  0x000000001a707000 JavaThread "jar transforms Thread 411" [_thread_blocked, id=2384, stack(0x000000004e340000,0x000000004e440000)]
  0x000000001a700800 JavaThread "jar transforms Thread 410" [_thread_blocked, id=8884, stack(0x000000004e240000,0x000000004e340000)]
  0x000000001a706800 JavaThread "jar transforms Thread 409" [_thread_blocked, id=9576, stack(0x000000004e140000,0x000000004e240000)]
  0x000000001a6ff000 JavaThread "jar transforms Thread 408" [_thread_blocked, id=224, stack(0x000000004e040000,0x000000004e140000)]
  0x000000001a705800 JavaThread "jar transforms Thread 407" [_thread_blocked, id=2960, stack(0x000000004df40000,0x000000004e040000)]
  0x000000001a704000 JavaThread "jar transforms Thread 406" [_thread_blocked, id=8360, stack(0x000000004de40000,0x000000004df40000)]
  0x000000001ebd3800 JavaThread "jar transforms Thread 405" [_thread_blocked, id=3252, stack(0x000000004dd40000,0x000000004de40000)]
  0x000000001ebd2800 JavaThread "jar transforms Thread 404" [_thread_blocked, id=7428, stack(0x000000004dc40000,0x000000004dd40000)]
  0x000000001ebd8000 JavaThread "jar transforms Thread 403" [_thread_blocked, id=3696, stack(0x000000004db40000,0x000000004dc40000)]
  0x000000001ebd6800 JavaThread "jar transforms Thread 402" [_thread_blocked, id=1892, stack(0x000000004da40000,0x000000004db40000)]
  0x000000001ebd5000 JavaThread "jar transforms Thread 401" [_thread_blocked, id=6404, stack(0x000000004d940000,0x000000004da40000)]
  0x000000001ebd4000 JavaThread "jar transforms Thread 400" [_thread_blocked, id=2212, stack(0x000000004d840000,0x000000004d940000)]
  0x000000001ebd7000 JavaThread "jar transforms Thread 399" [_thread_blocked, id=300, stack(0x000000004d740000,0x000000004d840000)]
  0x000000001ebcb000 JavaThread "jar transforms Thread 398" [_thread_blocked, id=2432, stack(0x000000004d640000,0x000000004d740000)]
  0x000000001ebd2000 JavaThread "jar transforms Thread 397" [_thread_blocked, id=7876, stack(0x000000004d540000,0x000000004d640000)]
  0x000000001ebca800 JavaThread "jar transforms Thread 396" [_thread_blocked, id=632, stack(0x000000004d440000,0x000000004d540000)]
  0x000000001ebd1000 JavaThread "jar transforms Thread 395" [_thread_blocked, id=5676, stack(0x000000004d340000,0x000000004d440000)]
  0x000000001ebc9800 JavaThread "jar transforms Thread 394" [_thread_blocked, id=2736, stack(0x000000004d240000,0x000000004d340000)]
  0x000000001ebcf800 JavaThread "jar transforms Thread 393" [_thread_blocked, id=5252, stack(0x000000004d140000,0x000000004d240000)]
  0x000000001ebcf000 JavaThread "jar transforms Thread 392" [_thread_blocked, id=8528, stack(0x000000004d040000,0x000000004d140000)]
  0x000000001ebcd800 JavaThread "jar transforms Thread 391" [_thread_blocked, id=2936, stack(0x000000004cf40000,0x000000004d040000)]
  0x000000001ebd0800 JavaThread "jar transforms Thread 390" [_thread_blocked, id=2600, stack(0x000000004ce40000,0x000000004cf40000)]
  0x000000001ebcc800 JavaThread "jar transforms Thread 389" [_thread_blocked, id=608, stack(0x000000004cd40000,0x000000004ce40000)]
  0x000000001ebc9000 JavaThread "jar transforms Thread 388" [_thread_blocked, id=2156, stack(0x000000004cc40000,0x000000004cd40000)]
  0x000000001ebcc000 JavaThread "jar transforms Thread 387" [_thread_blocked, id=6156, stack(0x000000004cb40000,0x000000004cc40000)]
  0x0000000032778000 JavaThread "jar transforms Thread 386" [_thread_blocked, id=1736, stack(0x000000004ca40000,0x000000004cb40000)]
  0x0000000032777800 JavaThread "jar transforms Thread 385" [_thread_blocked, id=6148, stack(0x000000004c940000,0x000000004ca40000)]
  0x0000000032776800 JavaThread "jar transforms Thread 384" [_thread_blocked, id=8416, stack(0x000000004c840000,0x000000004c940000)]
  0x0000000032773000 JavaThread "jar transforms Thread 383" [_thread_blocked, id=8472, stack(0x000000004c740000,0x000000004c840000)]
  0x0000000032776000 JavaThread "jar transforms Thread 382" [_thread_blocked, id=6040, stack(0x000000004c640000,0x000000004c740000)]
  0x000000003276e800 JavaThread "jar transforms Thread 381" [_thread_blocked, id=2904, stack(0x000000004c540000,0x000000004c640000)]
  0x0000000032773800 JavaThread "jar transforms Thread 380" [_thread_blocked, id=9528, stack(0x000000004c440000,0x000000004c540000)]
  0x0000000032774800 JavaThread "jar transforms Thread 379" [_thread_blocked, id=1312, stack(0x000000004c340000,0x000000004c440000)]
  0x0000000032772000 JavaThread "jar transforms Thread 378" [_thread_blocked, id=6656, stack(0x000000004c240000,0x000000004c340000)]
  0x0000000032775000 JavaThread "jar transforms Thread 377" [_thread_blocked, id=9228, stack(0x000000004c140000,0x000000004c240000)]
  0x0000000032771800 JavaThread "jar transforms Thread 376" [_thread_blocked, id=9340, stack(0x000000004c040000,0x000000004c140000)]
  0x000000003276a000 JavaThread "jar transforms Thread 375" [_thread_blocked, id=2520, stack(0x000000004bf40000,0x000000004c040000)]
  0x000000003276d800 JavaThread "jar transforms Thread 374" [_thread_blocked, id=3412, stack(0x000000004be40000,0x000000004bf40000)]
  0x0000000032770800 JavaThread "jar transforms Thread 373" [_thread_blocked, id=6836, stack(0x000000004bd40000,0x000000004be40000)]
  0x000000003276c000 JavaThread "jar transforms Thread 372" [_thread_blocked, id=8560, stack(0x000000004bc40000,0x000000004bd40000)]
  0x0000000032770000 JavaThread "jar transforms Thread 371" [_thread_blocked, id=4844, stack(0x000000004bb40000,0x000000004bc40000)]
  0x0000000032769000 JavaThread "jar transforms Thread 370" [_thread_blocked, id=9928, stack(0x000000004ba40000,0x000000004bb40000)]
  0x000000003276b800 JavaThread "jar transforms Thread 369" [_thread_blocked, id=7604, stack(0x000000004b940000,0x000000004ba40000)]
  0x000000003276a800 JavaThread "jar transforms Thread 368" [_thread_blocked, id=3584, stack(0x000000004b840000,0x000000004b940000)]
  0x000000002c9b7000 JavaThread "jar transforms Thread 367" [_thread_blocked, id=6004, stack(0x000000004b740000,0x000000004b840000)]
  0x000000002c9b6000 JavaThread "jar transforms Thread 366" [_thread_blocked, id=6340, stack(0x000000004b640000,0x000000004b740000)]
  0x000000002c9b7800 JavaThread "jar transforms Thread 365" [_thread_blocked, id=976, stack(0x000000004b540000,0x000000004b640000)]
  0x000000002c9ae800 JavaThread "jar transforms Thread 364" [_thread_blocked, id=9260, stack(0x000000004b440000,0x000000004b540000)]
  0x000000002c9b5800 JavaThread "jar transforms Thread 363" [_thread_blocked, id=10184, stack(0x000000004b340000,0x000000004b440000)]
  0x000000002c9ae000 JavaThread "jar transforms Thread 362" [_thread_blocked, id=9300, stack(0x000000004b240000,0x000000004b340000)]
  0x000000002c9b2800 JavaThread "jar transforms Thread 361" [_thread_blocked, id=10060, stack(0x000000004b140000,0x000000004b240000)]
  0x000000002c9b4800 JavaThread "jar transforms Thread 360" [_thread_blocked, id=4456, stack(0x000000004b040000,0x000000004b140000)]
  0x000000002c9b1800 JavaThread "jar transforms Thread 359" [_thread_blocked, id=1704, stack(0x000000004af40000,0x000000004b040000)]
  0x000000002c9b4000 JavaThread "jar transforms Thread 358" [_thread_blocked, id=7844, stack(0x000000004ae40000,0x000000004af40000)]
  0x000000002c9b3000 JavaThread "jar transforms Thread 357" [_thread_blocked, id=8832, stack(0x000000004ad40000,0x000000004ae40000)]
  0x000000002c9aa000 JavaThread "jar transforms Thread 356" [_thread_blocked, id=2208, stack(0x000000004ac40000,0x000000004ad40000)]
  0x000000002c9b1000 JavaThread "jar transforms Thread 355" [_thread_blocked, id=3088, stack(0x000000004ab40000,0x000000004ac40000)]
  0x000000002c9ad000 JavaThread "jar transforms Thread 354" [_thread_blocked, id=3008, stack(0x000000004aa40000,0x000000004ab40000)]
  0x000000002c9a8800 JavaThread "jar transforms Thread 353" [_thread_blocked, id=10092, stack(0x000000004a940000,0x000000004aa40000)]
  0x000000002c9ab800 JavaThread "jar transforms Thread 352" [_thread_blocked, id=7520, stack(0x000000004a840000,0x000000004a940000)]
  0x000000002c9af800 JavaThread "jar transforms Thread 351" [_thread_blocked, id=7292, stack(0x000000004a740000,0x000000004a840000)]
  0x000000002c9ab000 JavaThread "jar transforms Thread 350" [_thread_blocked, id=1680, stack(0x000000004a640000,0x000000004a740000)]
  0x000000002c9ac800 JavaThread "jar transforms Thread 349" [_thread_blocked, id=6732, stack(0x000000004a540000,0x000000004a640000)]
  0x000000002c9a9800 JavaThread "jar transforms Thread 348" [_thread_blocked, id=3384, stack(0x000000004a440000,0x000000004a540000)]
  0x0000000020f0c000 JavaThread "jar transforms Thread 347" [_thread_blocked, id=7632, stack(0x000000004a340000,0x000000004a440000)]
  0x0000000020f0b800 JavaThread "jar transforms Thread 346" [_thread_blocked, id=1944, stack(0x000000004a240000,0x000000004a340000)]
  0x0000000020f0a800 JavaThread "jar transforms Thread 345" [_thread_blocked, id=4728, stack(0x000000004a140000,0x000000004a240000)]
  0x0000000020f0a000 JavaThread "jar transforms Thread 344" [_thread_blocked, id=4104, stack(0x000000004a040000,0x000000004a140000)]
  0x0000000020f07800 JavaThread "jar transforms Thread 343" [_thread_blocked, id=4404, stack(0x0000000049f40000,0x000000004a040000)]
  0x0000000020f03000 JavaThread "Daemon worker Thread 3" [_thread_blocked, id=5672, stack(0x0000000049340000,0x0000000049440000)]
  0x0000000020f01000 JavaThread "Daemon Thread 3" [_thread_blocked, id=3188, stack(0x0000000049040000,0x0000000049140000)]
  0x000000001ebd5800 JavaThread "Memory manager" [_thread_blocked, id=3120, stack(0x000000002b320000,0x000000002b420000)]
  0x000000001a702800 JavaThread "Cache worker for file content cache (C:\Users\pc\.gradle\caches\6.5\fileContent)" [_thread_blocked, id=9532, stack(0x0000000022220000,0x0000000022320000)]
  0x0000000017f50000 JavaThread "Cache worker for execution history cache (C:\Users\pc\.gradle\caches\6.5\executionHistory)" [_thread_blocked, id=4532, stack(0x0000000021a20000,0x0000000021b20000)]
  0x0000000017f4a800 JavaThread "Cache worker for file hash cache (C:\Users\pc\.gradle\caches\6.5\fileHashes)" [_thread_blocked, id=192, stack(0x000000001dec0000,0x000000001dfc0000)]
  0x0000000017f4b800 JavaThread "File lock request listener" [_thread_in_native, id=10112, stack(0x000000001ddc0000,0x000000001dec0000)]
  0x000000001b98a800 JavaThread "Cache worker for journal cache (C:\Users\pc\.gradle\caches\journal-1)" [_thread_blocked, id=2628, stack(0x000000001dcc0000,0x000000001ddc0000)]
  0x000000001b8fd800 JavaThread "Daemon periodic checks" [_thread_blocked, id=1868, stack(0x000000001d0c0000,0x000000001d1c0000)]
  0x000000001b89b000 JavaThread "Incoming local TCP Connector on port 50582" [_thread_in_native, id=4760, stack(0x000000001ce70000,0x000000001cf70000)]
  0x000000001b766000 JavaThread "Daemon health stats" [_thread_blocked, id=2532, stack(0x000000001c830000,0x000000001c930000)]
  0x0000000017f8d000 JavaThread "Service Thread" daemon [_thread_blocked, id=9356, stack(0x0000000019c90000,0x0000000019d90000)]
  0x0000000017f4d000 JavaThread "C1 CompilerThread2" daemon [_thread_blocked, id=9788, stack(0x0000000019790000,0x0000000019890000)]
  0x0000000017f3c000 JavaThread "C2 CompilerThread1" daemon [_thread_blocked, id=7868, stack(0x0000000019690000,0x0000000019790000)]
=>0x0000000017f34000 JavaThread "C2 CompilerThread0" daemon [_thread_in_native, id=4284, stack(0x0000000019590000,0x0000000019690000)]
  0x0000000017f33000 JavaThread "Attach Listener" daemon [_thread_blocked, id=8156, stack(0x0000000019490000,0x0000000019590000)]
  0x0000000017f35800 JavaThread "Signal Dispatcher" daemon [_thread_blocked, id=9784, stack(0x0000000019390000,0x0000000019490000)]
  0x000000000320c000 JavaThread "Finalizer" daemon [_thread_blocked, id=5440, stack(0x0000000019190000,0x0000000019290000)]
  0x0000000017f19000 JavaThread "Reference Handler" daemon [_thread_blocked, id=1716, stack(0x0000000019090000,0x0000000019190000)]
  0x000000000330d800 JavaThread "main" [_thread_blocked, id=4364, stack(0x0000000001840000,0x0000000001940000)]

Other Threads:
  0x0000000017ef6000 VMThread [stack: 0x0000000018f90000,0x0000000019090000] [id=5400]
  0x00000000198d1800 WatcherThread [stack: 0x0000000019d90000,0x0000000019e90000] [id=9324]

VM state:not at safepoint (normal execution)

VM Mutex/Monitor currently owned by a thread: None

heap address: 0x0000000080000000, size: 2048 MB, Compressed Oops mode: 32-bit
Narrow klass base: 0x0000000000000000, Narrow klass shift: 3
Compressed class space size: 1073741824 Address: 0x0000000100000000

Heap:
 PSYoungGen      total 522240K, used 357768K [0x00000000d5580000, 0x00000000f7e00000, 0x0000000100000000)
  eden space 488960K, 73% used [0x00000000d5580000,0x00000000eb2e2140,0x00000000f3300000)
  from space 33280K, 0% used [0x00000000f5d80000,0x00000000f5d80000,0x00000000f7e00000)
  to   space 38400K, 0% used [0x00000000f3300000,0x00000000f3300000,0x00000000f5880000)
 ParOldGen       total 196608K, used 94822K [0x0000000080000000, 0x000000008c000000, 0x00000000d5580000)
  object space 196608K, 48% used [0x0000000080000000,0x0000000085c999b0,0x000000008c000000)
 Metaspace       used 124920K, capacity 131390K, committed 131608K, reserved 1163264K
  class space    used 16245K, capacity 17409K, committed 17448K, reserved 1048576K

Card table byte_map: [0x00000000126d0000,0x0000000012ae0000] byte_map_base: 0x00000000122d0000

Marking Bits: (ParMarkBitMap*) 0x00000000509df030
 Begin Bits: [0x0000000013190000, 0x0000000015190000)
 End Bits:   [0x0000000015190000, 0x0000000017190000)

Polling page: 0x0000000000fc0000

CodeCache: size=245760Kb used=67006Kb max_used=67048Kb free=178753Kb
 bounds [0x0000000003310000, 0x00000000074e0000, 0x0000000012310000]
 total_blobs=20451 nmethods=19483 adapters=877
 compilation: enabled

Compilation events (10 events):
Event: 563.226 Thread 0x0000000017f4d000 nmethod 24189 0x00000000074cc4d0 code [0x00000000074cc680, 0x00000000074ccbb8]
Event: 563.228 Thread 0x0000000017f4d000 24190       3       org.gradle.internal.reflect.MessageFormattingTypeValidationContext::<init> (10 bytes)
Event: 563.229 Thread 0x0000000017f4d000 nmethod 24190 0x0000000006e83050 code [0x0000000006e831a0, 0x0000000006e83370]
Event: 563.230 Thread 0x0000000017f4d000 24191       3       com.google.common.collect.ImmutableSortedSet::of (4 bytes)
Event: 563.231 Thread 0x0000000017f4d000 nmethod 24191 0x0000000004d181d0 code [0x0000000004d18320, 0x0000000004d18450]
Event: 563.231 Thread 0x0000000017f4d000 24192       3       com.sun.org.apache.xerces.internal.dom.ElementImpl::setAttributeNodeNS (112 bytes)
Event: 563.232 Thread 0x0000000017f4d000 nmethod 24192 0x00000000074cb2d0 code [0x00000000074cb500, 0x00000000074cc0c8]
Event: 563.236 Thread 0x0000000017f3c000 24193       4       java.lang.invoke.MethodType::makeImpl (66 bytes)
Event: 563.236 Thread 0x0000000017f34000 24194       4       java.io.ObjectOutputStream::writeClassDesc (60 bytes)
Event: 563.309 Thread 0x0000000017f3c000 nmethod 24193 0x00000000074d4b90 code [0x00000000074d4f20, 0x00000000074d7278]

GC Heap History (10 events):
Event: 55.145 GC heap before
{Heap before GC invocations=41 (full 4):
 PSYoungGen      total 522240K, used 508104K [0x00000000d5580000, 0x00000000f7e00000, 0x0000000100000000)
  eden space 488960K, 100% used [0x00000000d5580000,0x00000000f3300000,0x00000000f3300000)
  from space 33280K, 57% used [0x00000000f5d80000,0x00000000f7032010,0x00000000f7e00000)
  to   space 38400K, 0% used [0x00000000f3300000,0x00000000f3300000,0x00000000f5880000)
 ParOldGen       total 189440K, used 96519K [0x0000000080000000, 0x000000008b900000, 0x00000000d5580000)
  object space 189440K, 50% used [0x0000000080000000,0x0000000085e41d38,0x000000008b900000)
 Metaspace       used 81910K, capacity 85964K, committed 86424K, reserved 1124352K
  class space    used 11029K, capacity 11751K, committed 11944K, reserved 1048576K
Event: 55.310 GC heap after
Heap after GC invocations=41 (full 4):
 PSYoungGen      total 527360K, used 38387K [0x00000000d5580000, 0x00000000f7e00000, 0x0000000100000000)
  eden space 488960K, 0% used [0x00000000d5580000,0x00000000d5580000,0x00000000f3300000)
  from space 38400K, 99% used [0x00000000f3300000,0x00000000f587cc00,0x00000000f5880000)
  to   space 33280K, 0% used [0x00000000f5d80000,0x00000000f5d80000,0x00000000f7e00000)
 ParOldGen       total 189440K, used 138069K [0x0000000080000000, 0x000000008b900000, 0x00000000d5580000)
  object space 189440K, 72% used [0x0000000080000000,0x00000000886d57c0,0x000000008b900000)
 Metaspace       used 81910K, capacity 85964K, committed 86424K, reserved 1124352K
  class space    used 11029K, capacity 11751K, committed 11944K, reserved 1048576K
}
Event: 212.483 GC heap before
{Heap before GC invocations=42 (full 4):
 PSYoungGen      total 527360K, used 527347K [0x00000000d5580000, 0x00000000f7e00000, 0x0000000100000000)
  eden space 488960K, 100% used [0x00000000d5580000,0x00000000f3300000,0x00000000f3300000)
  from space 38400K, 99% used [0x00000000f3300000,0x00000000f587cc00,0x00000000f5880000)
  to   space 33280K, 0% used [0x00000000f5d80000,0x00000000f5d80000,0x00000000f7e00000)
 ParOldGen       total 189440K, used 138069K [0x0000000080000000, 0x000000008b900000, 0x00000000d5580000)
  object space 189440K, 72% used [0x0000000080000000,0x00000000886d57c0,0x000000008b900000)
 Metaspace       used 87185K, capacity 91746K, committed 91928K, reserved 1128448K
  class space    used 11377K, capacity 12214K, committed 12328K, reserved 1048576K
Event: 212.633 GC heap after
Heap after GC invocations=42 (full 4):
 PSYoungGen      total 522240K, used 33275K [0x00000000d5580000, 0x00000000f7e00000, 0x0000000100000000)
  eden space 488960K, 0% used [0x00000000d5580000,0x00000000d5580000,0x00000000f3300000)
  from space 33280K, 99% used [0x00000000f5d80000,0x00000000f7dfed08,0x00000000f7e00000)
  to   space 38400K, 0% used [0x00000000f3300000,0x00000000f3300000,0x00000000f5880000)
 ParOldGen       total 189440K, used 148684K [0x0000000080000000, 0x000000008b900000, 0x00000000d5580000)
  object space 189440K, 78% used [0x0000000080000000,0x00000000891333a0,0x000000008b900000)
 Metaspace       used 87185K, capacity 91746K, committed 91928K, reserved 1128448K
  class space    used 11377K, capacity 12214K, committed 12328K, reserved 1048576K
}
Event: 508.142 GC heap before
{Heap before GC invocations=43 (full 4):
 PSYoungGen      total 522240K, used 522233K [0x00000000d5580000, 0x00000000f7e00000, 0x0000000100000000)
  eden space 488960K, 99% used [0x00000000d5580000,0x00000000f32ff988,0x00000000f3300000)
  from space 33280K, 99% used [0x00000000f5d80000,0x00000000f7dfed08,0x00000000f7e00000)
  to   space 38400K, 0% used [0x00000000f3300000,0x00000000f3300000,0x00000000f5880000)
 ParOldGen       total 189440K, used 148684K [0x0000000080000000, 0x000000008b900000, 0x00000000d5580000)
  object space 189440K, 78% used [0x0000000080000000,0x00000000891333a0,0x000000008b900000)
 Metaspace       used 92673K, capacity 97618K, committed 97944K, reserved 1134592K
  class space    used 12033K, capacity 12870K, committed 12968K, reserved 1048576K
Event: 508.218 GC heap after
Heap after GC invocations=43 (full 4):
 PSYoungGen      total 527360K, used 38382K [0x00000000d5580000, 0x00000000f7e00000, 0x0000000100000000)
  eden space 488960K, 0% used [0x00000000d5580000,0x00000000d5580000,0x00000000f3300000)
  from space 38400K, 99% used [0x00000000f3300000,0x00000000f587b8a8,0x00000000f5880000)
  to   space 33280K, 0% used [0x00000000f5d80000,0x00000000f5d80000,0x00000000f7e00000)
 ParOldGen       total 189440K, used 156253K [0x0000000080000000, 0x000000008b900000, 0x00000000d5580000)
  object space 189440K, 82% used [0x0000000080000000,0x0000000089897630,0x000000008b900000)
 Metaspace       used 92673K, capacity 97618K, committed 97944K, reserved 1134592K
  class space    used 12033K, capacity 12870K, committed 12968K, reserved 1048576K
}
Event: 552.628 GC heap before
{Heap before GC invocations=44 (full 4):
 PSYoungGen      total 527360K, used 527342K [0x00000000d5580000, 0x00000000f7e00000, 0x0000000100000000)
  eden space 488960K, 100% used [0x00000000d5580000,0x00000000f3300000,0x00000000f3300000)
  from space 38400K, 99% used [0x00000000f3300000,0x00000000f587b8a8,0x00000000f5880000)
  to   space 33280K, 0% used [0x00000000f5d80000,0x00000000f5d80000,0x00000000f7e00000)
 ParOldGen       total 189440K, used 156253K [0x0000000080000000, 0x000000008b900000, 0x00000000d5580000)
  object space 189440K, 82% used [0x0000000080000000,0x0000000089897630,0x000000008b900000)
 Metaspace       used 118860K, capacity 125176K, committed 125208K, reserved 1157120K
  class space    used 15543K, capacity 16659K, committed 16680K, reserved 1048576K
Event: 552.724 GC heap after
Heap after GC invocations=44 (full 4):
 PSYoungGen      total 522240K, used 33252K [0x00000000d5580000, 0x00000000f7e00000, 0x0000000100000000)
  eden space 488960K, 0% used [0x00000000d5580000,0x00000000d5580000,0x00000000f3300000)
  from space 33280K, 99% used [0x00000000f5d80000,0x00000000f7df9000,0x00000000f7e00000)
  to   space 38400K, 0% used [0x00000000f3300000,0x00000000f3300000,0x00000000f5880000)
 ParOldGen       total 196608K, used 196452K [0x0000000080000000, 0x000000008c000000, 0x00000000d5580000)
  object space 196608K, 99% used [0x0000000080000000,0x000000008bfd91d0,0x000000008c000000)
 Metaspace       used 118860K, capacity 125176K, committed 125208K, reserved 1157120K
  class space    used 15543K, capacity 16659K, committed 16680K, reserved 1048576K
}
Event: 552.724 GC heap before
{Heap before GC invocations=45 (full 5):
 PSYoungGen      total 522240K, used 33252K [0x00000000d5580000, 0x00000000f7e00000, 0x0000000100000000)
  eden space 488960K, 0% used [0x00000000d5580000,0x00000000d5580000,0x00000000f3300000)
  from space 33280K, 99% used [0x00000000f5d80000,0x00000000f7df9000,0x00000000f7e00000)
  to   space 38400K, 0% used [0x00000000f3300000,0x00000000f3300000,0x00000000f5880000)
 ParOldGen       total 196608K, used 196452K [0x0000000080000000, 0x000000008c000000, 0x00000000d5580000)
  object space 196608K, 99% used [0x0000000080000000,0x000000008bfd91d0,0x000000008c000000)
 Metaspace       used 118860K, capacity 125176K, committed 125208K, reserved 1157120K
  class space    used 15543K, capacity 16659K, committed 16680K, reserved 1048576K
Event: 553.142 GC heap after
Heap after GC invocations=45 (full 5):
 PSYoungGen      total 522240K, used 0K [0x00000000d5580000, 0x00000000f7e00000, 0x0000000100000000)
  eden space 488960K, 0% used [0x00000000d5580000,0x00000000d5580000,0x00000000f3300000)
  from space 33280K, 0% used [0x00000000f5d80000,0x00000000f5d80000,0x00000000f7e00000)
  to   space 38400K, 0% used [0x00000000f3300000,0x00000000f3300000,0x00000000f5880000)
 ParOldGen       total 196608K, used 94822K [0x0000000080000000, 0x000000008c000000, 0x00000000d5580000)
  object space 196608K, 48% used [0x0000000080000000,0x0000000085c999b0,0x000000008c000000)
 Metaspace       used 118767K, capacity 124960K, committed 125208K, reserved 1157120K
  class space    used 15515K, capacity 16592K, committed 16680K, reserved 1048576K
}

Deoptimization events (10 events):
Event: 562.928 Thread 0x0000000020c96000 Uncommon trap: reason=class_check action=maybe_recompile pc=0x0000000003a90ed0 method=com.sun.org.apache.xerces.internal.dom.ElementImpl.getNodeName()Ljava/lang/String; @ 8
Event: 562.930 Thread 0x0000000020c96000 Uncommon trap: reason=class_check action=maybe_recompile pc=0x0000000003a90ed0 method=com.sun.org.apache.xerces.internal.dom.ElementImpl.getNodeName()Ljava/lang/String; @ 8
Event: 562.984 Thread 0x0000000020c96000 Uncommon trap: reason=class_check action=maybe_recompile pc=0x0000000003a90ed0 method=com.sun.org.apache.xerces.internal.dom.ElementImpl.getNodeName()Ljava/lang/String; @ 8
Event: 563.023 Thread 0x0000000020c96000 Uncommon trap: reason=class_check action=maybe_recompile pc=0x000000000503a2dc method=java.util.HashMap$EntrySpliterator.forEachRemaining(Ljava/util/function/Consumer;)V @ 142
Event: 563.025 Thread 0x0000000020c96000 Uncommon trap: reason=unstable_if action=reinterpret pc=0x0000000006e2e198 method=com.sun.org.apache.xerces.internal.dom.ParentNode.internalInsertBefore(Lorg/w3c/dom/Node;Lorg/w3c/dom/Node;Z)Lorg/w3c/dom/Node; @ 572
Event: 563.025 Thread 0x0000000020c96000 Uncommon trap: reason=bimorphic action=maybe_recompile pc=0x000000000749d4a0 method=com.sun.org.apache.xerces.internal.dom.ElementImpl.getNodeName()Ljava/lang/String; @ 8
Event: 563.059 Thread 0x0000000020c96000 Uncommon trap: reason=unstable_if action=reinterpret pc=0x0000000006320f4c method=java.lang.Class.getSimpleName()Ljava/lang/String; @ 4
Event: 563.063 Thread 0x0000000020c96000 Uncommon trap: reason=bimorphic action=maybe_recompile pc=0x00000000050831cc method=java.util.HashMap.removeNode(ILjava/lang/Object;Ljava/lang/Object;ZZ)Ljava/util/HashMap$Node; @ 68
Event: 563.107 Thread 0x0000000020c96000 Uncommon trap: reason=bimorphic action=maybe_recompile pc=0x00000000035ad554 method=java.io.Writer.append(Ljava/lang/CharSequence;)Ljava/io/Writer; @ 20
Event: 563.233 Thread 0x000000001ffac800 Uncommon trap: reason=class_check action=maybe_recompile pc=0x0000000006e4570c method=com.sun.org.apache.xerces.internal.dom.ElementImpl.getTagName()Ljava/lang/String; @ 8

Classes redefined (0 events):
No events

Internal exceptions (10 events):
Event: 559.935 Thread 0x0000000020f07000 Exception <a 'java/lang/NoSuchMethodError': <clinit>> (0x00000000e4c1f298) thrown at [C:\src\AOSP-openjdk-git\hotspot\src\share\vm\prims\jni.cpp, line 1615]
Event: 559.936 Thread 0x0000000020f07000 Exception <a 'java/lang/NoSuchMethodError': <clinit>> (0x00000000e4c34850) thrown at [C:\src\AOSP-openjdk-git\hotspot\src\share\vm\prims\jni.cpp, line 1615]
Event: 560.194 Thread 0x0000000020f07000 Implicit null exception at 0x00000000039f9237 to 0x00000000039fb6bd
Event: 561.626 Thread 0x0000000020f07000 Implicit null exception at 0x00000000073d6ef5 to 0x00000000073d4a49
Event: 561.738 Thread 0x0000000020f07000 Exception <a 'java/lang/NoSuchMethodError': <clinit>> (0x00000000e8318df8) thrown at [C:\src\AOSP-openjdk-git\hotspot\src\share\vm\prims\jni.cpp, line 1615]
Event: 561.739 Thread 0x0000000020f07000 Exception <a 'java/lang/NoSuchMethodError': <clinit>> (0x00000000e8329150) thrown at [C:\src\AOSP-openjdk-git\hotspot\src\share\vm\prims\jni.cpp, line 1615]
Event: 561.740 Thread 0x0000000020f07000 Exception <a 'java/lang/NoSuchMethodError': <clinit>> (0x00000000e833cc90) thrown at [C:\src\AOSP-openjdk-git\hotspot\src\share\vm\prims\jni.cpp, line 1615]
Event: 562.420 Thread 0x0000000020f03000 Exception <a 'java/lang/NoSuchMethodError': <clinit>> (0x00000000d82e6d30) thrown at [C:\src\AOSP-openjdk-git\hotspot\src\share\vm\prims\jni.cpp, line 1615]
Event: 563.237 Thread 0x0000000020f03000 Exception <a 'java/lang/NoSuchMethodError': <clinit>> (0x00000000e9156070) thrown at [C:\src\AOSP-openjdk-git\hotspot\src\share\vm\prims\jni.cpp, line 1615]
Event: 563.245 Thread 0x000000001ffaf800 Exception <a 'sun/nio/fs/WindowsException'> (0x00000000e8e23ee0) thrown at [C:\src\AOSP-openjdk-git\hotspot\src\share\vm\prims\jni.cpp, line 710]

Events (10 events):
Event: 563.309 Thread 0x0000000017f3c000 flushing nmethod 0x0000000003453ed0
Event: 563.309 Thread 0x0000000017f3c000 flushing nmethod 0x0000000003479990
Event: 563.310 Thread 0x0000000017f3c000 flushing nmethod 0x00000000034d94d0
Event: 563.310 Thread 0x0000000017f3c000 flushing nmethod 0x0000000003517150
Event: 563.310 Thread 0x0000000017f3c000 flushing nmethod 0x00000000035202d0
Event: 563.310 Thread 0x0000000017f3c000 flushing nmethod 0x000000000353cd50
Event: 563.310 Thread 0x0000000017f3c000 flushing nmethod 0x00000000035d6950
Event: 563.310 Thread 0x0000000017f3c000 flushing nmethod 0x00000000035f8f90
Event: 563.310 Thread 0x0000000017f3c000 flushing nmethod 0x000000000360c790
Event: 563.310 Thread 0x0000000017f3c000 flushing nmethod 0x0000000003613a10


Dynamic libraries:
0x00007ff788450000 - 0x00007ff788481000 	C:\Program Files\Android\Android Studio\jre\bin\java.exe
0x00007ffea8e30000 - 0x00007ffea901c000 	C:\Windows\SYSTEM32\ntdll.dll
0x00007ffe84190000 - 0x00007ffe841a2000 	C:\Program Files\Avast Software\Avast\aswhook.dll
0x00007ffea6a20000 - 0x00007ffea6ad3000 	C:\Windows\System32\KERNEL32.DLL
0x00007ffea5380000 - 0x00007ffea5614000 	C:\Windows\System32\KERNELBASE.dll
0x00007ffea6580000 - 0x00007ffea6623000 	C:\Windows\System32\ADVAPI32.dll
0x00007ffea87b0000 - 0x00007ffea884e000 	C:\Windows\System32\msvcrt.dll
0x00007ffea6c40000 - 0x00007ffea6cdf000 	C:\Windows\System32\sechost.dll
0x00007ffea66b0000 - 0x00007ffea67d0000 	C:\Windows\System32\RPCRT4.dll
0x00007ffea63e0000 - 0x00007ffea6577000 	C:\Windows\System32\USER32.dll
0x00007ffea6040000 - 0x00007ffea6060000 	C:\Windows\System32\win32u.dll
0x00007ffea63a0000 - 0x00007ffea63c9000 	C:\Windows\System32\GDI32.dll
0x00007ffea4f00000 - 0x00007ffea509c000 	C:\Windows\System32\gdi32full.dll
0x00007ffea50a0000 - 0x00007ffea5140000 	C:\Windows\System32\msvcp_win.dll
0x00007ffea56c0000 - 0x00007ffea57ba000 	C:\Windows\System32\ucrtbase.dll
0x00007ffe98e30000 - 0x00007ffe990a9000 	C:\Windows\WinSxS\amd64_microsoft.windows.common-controls_6595b64144ccf1df_6.0.17763.1757_none_de724378534a71c4\COMCTL32.dll
0x00007ffea8850000 - 0x00007ffea8b7e000 	C:\Windows\System32\combase.dll
0x00007ffea5620000 - 0x00007ffea569f000 	C:\Windows\System32\bcryptPrimitives.dll
0x00007ffea6ae0000 - 0x00007ffea6b0e000 	C:\Windows\System32\IMM32.DLL
0x0000000050050000 - 0x0000000050122000 	C:\Program Files\Android\Android Studio\jre\jre\bin\msvcr100.dll
0x0000000050210000 - 0x0000000050a5b000 	C:\Program Files\Android\Android Studio\jre\jre\bin\server\jvm.dll
0x00007ffea63d0000 - 0x00007ffea63d8000 	C:\Windows\System32\PSAPI.DLL
0x00007ffea2ce0000 - 0x00007ffea2d04000 	C:\Windows\SYSTEM32\WINMM.dll
0x00007ffe9e500000 - 0x00007ffe9e50a000 	C:\Windows\SYSTEM32\VERSION.dll
0x00007ffe96c40000 - 0x00007ffe96c49000 	C:\Windows\SYSTEM32\WSOCK32.dll
0x00007ffea6850000 - 0x00007ffea68bd000 	C:\Windows\System32\WS2_32.dll
0x00007ffea2cb0000 - 0x00007ffea2cdd000 	C:\Windows\SYSTEM32\WINMMBASE.dll
0x00007ffea5ff0000 - 0x00007ffea603a000 	C:\Windows\System32\cfgmgr32.dll
0x00007ffea14e0000 - 0x00007ffea14ef000 	C:\Program Files\Android\Android Studio\jre\jre\bin\verify.dll
0x00007ffea14b0000 - 0x00007ffea14d9000 	C:\Program Files\Android\Android Studio\jre\jre\bin\java.dll
0x00007ffea1490000 - 0x00007ffea14a6000 	C:\Program Files\Android\Android Studio\jre\jre\bin\zip.dll
0x00007ffea72b0000 - 0x00007ffea87a9000 	C:\Windows\System32\SHELL32.dll
0x00007ffea6b90000 - 0x00007ffea6c38000 	C:\Windows\System32\shcore.dll
0x00007ffea57f0000 - 0x00007ffea5f3b000 	C:\Windows\System32\windows.storage.dll
0x00007ffea4ed0000 - 0x00007ffea4ef4000 	C:\Windows\System32\profapi.dll
0x00007ffea4e70000 - 0x00007ffea4ecd000 	C:\Windows\System32\powrprof.dll
0x00007ffea6210000 - 0x00007ffea6262000 	C:\Windows\System32\shlwapi.dll
0x00007ffea4e50000 - 0x00007ffea4e61000 	C:\Windows\System32\kernel.appcore.dll
0x00007ffea56a0000 - 0x00007ffea56b7000 	C:\Windows\System32\cryptsp.dll
0x00007ffea1470000 - 0x00007ffea148a000 	C:\Program Files\Android\Android Studio\jre\jre\bin\net.dll
0x00007ffea4630000 - 0x00007ffea4697000 	C:\Windows\system32\mswsock.dll
0x00007ffea1450000 - 0x00007ffea1463000 	C:\Program Files\Android\Android Studio\jre\jre\bin\nio.dll
0x00007ffe85e00000 - 0x00007ffe85e27000 	C:\Users\pc\.gradle\native\f6784746aeab05261644944871eae4fe03e0ef1612fff0a4a95f87b438bc6780\windows-amd64\native-platform.dll
0x00007ffea1440000 - 0x00007ffea144d000 	C:\Program Files\Android\Android Studio\jre\jre\bin\management.dll
0x00007ffea41c0000 - 0x00007ffea41f3000 	C:\Windows\system32\rsaenh.dll
0x00007ffea57c0000 - 0x00007ffea57e6000 	C:\Windows\System32\bcrypt.dll
0x00007ffea4d60000 - 0x00007ffea4d89000 	C:\Windows\SYSTEM32\USERENV.dll
0x00007ffea4800000 - 0x00007ffea480c000 	C:\Windows\SYSTEM32\CRYPTBASE.dll
0x00007ffea4350000 - 0x00007ffea438d000 	C:\Windows\SYSTEM32\IPHLPAPI.DLL
0x00007ffea6b10000 - 0x00007ffea6b18000 	C:\Windows\System32\NSI.dll
0x00007ffe9d8a0000 - 0x00007ffe9d8b6000 	C:\Windows\SYSTEM32\dhcpcsvc6.DLL
0x00007ffe9d970000 - 0x00007ffe9d98c000 	C:\Windows\SYSTEM32\dhcpcsvc.DLL
0x00007ffea4390000 - 0x00007ffea4456000 	C:\Windows\SYSTEM32\DNSAPI.dll
0x00007ffe9dae0000 - 0x00007ffe9daeb000 	C:\Windows\SYSTEM32\WINNSI.DLL
0x00007ffe859d0000 - 0x00007ffe859ee000 	C:\Users\pc\AppData\Local\Temp\native-platform3480266082942979793dir\native-platform.dll
0x00007ffe998d0000 - 0x00007ffe998f4000 	C:\Program Files\Android\Android Studio\jre\jre\bin\sunec.dll
0x00007ffe98190000 - 0x00007ffe9819a000 	C:\Windows\System32\rasadhlp.dll
0x00007ffe99900000 - 0x00007ffe99979000 	C:\Windows\System32\fwpuclnt.dll
0x00007ffea1400000 - 0x00007ffea140b000 	C:\Program Files\Android\Android Studio\jre\jre\bin\sunmscapi.dll
0x00007ffea51a0000 - 0x00007ffea537c000 	C:\Windows\System32\CRYPT32.dll
0x00007ffea4e30000 - 0x00007ffea4e42000 	C:\Windows\System32\MSASN1.dll
0x00007ffe8f4a0000 - 0x00007ffe8f4b6000 	C:\Windows\system32\napinsp.dll
0x00007ffe8f480000 - 0x00007ffe8f49a000 	C:\Windows\system32\pnrpnsp.dll
0x00007ffe8f420000 - 0x00007ffe8f42e000 	C:\Windows\System32\winrnr.dll
0x00007ffea13e0000 - 0x00007ffea13fb000 	C:\Windows\system32\NLAapi.dll
0x00007ffe8f400000 - 0x00007ffe8f415000 	C:\Windows\system32\wshbth.dll
0x00007ffea3ea0000 - 0x00007ffea3ed1000 	C:\Windows\SYSTEM32\ntmarta.dll
0x00007ffea2d10000 - 0x00007ffea2d9c000 	C:\Windows\system32\apphelp.dll

VM Arguments:
jvm_args: -Xmx2048m -Dfile.encoding=UTF-8 -Duser.country=RU -Duser.language=ru -Duser.variant 
java_command: org.gradle.launcher.daemon.bootstrap.GradleDaemon 6.5
java_class_path (initial): C:\Users\pc\.gradle\wrapper\dists\gradle-6.5-bin\6nifqtx7604sqp1q6g8wikw7p\gradle-6.5\lib\gradle-launcher-6.5.jar
Launcher Type: SUN_STANDARD

Environment Variables:
PATH=C:\Windows\system32;C:\Windows;C:\Windows\System32\Wbem;C:\Windows\System32\WindowsPowerShell\v1.0\;C:\Windows\System32\OpenSSH\;C:\adb;C:\Program Files\Git\cmd;C:\Users\pc\AppData\Local\Microsoft\WindowsApps;C:\Users\pc\AppData\Local\GitHubDesktop\bin
USERNAME=pc
OS=Windows_NT
PROCESSOR_IDENTIFIER=Intel64 Family 6 Model 58 Stepping 9, GenuineIntel



---------------  S Y S T E M  ---------------

OS: Windows 10.0 , 64 bit Build 17763 (10.0.17763.475)

CPU:total 4 (initial active 4) (2 cores per cpu, 2 threads per core) family 6 model 58 stepping 9, cmov, cx8, fxsr, mmx, sse, sse2, sse3, ssse3, sse4.1, sse4.2, popcnt, avx, aes, clmul, erms, ht, tsc, tscinvbit, tscinv

Memory: 4k page, physical 6146036k(1475968k free), swap 8243188k(7636k free)

vm_info: OpenJDK 64-Bit Server VM (25.242-b01) for windows-amd64 JRE (1.8.0_242-release-1644-b01), built by "builder" with MS VC++ 10.0 (VS2010)

time: Tue Mar 02 13:28:27 2021
timezone: Бангладеш (зима)
elapsed time: 563 seconds (0d 0h 9m 23s)

