#
# There is insufficient memory for the Java Runtime Environment to continue.
# Native memory allocation (malloc) failed to allocate 1586608 bytes for Chunk::new
# Possible reasons:
#   The system is out of physical RAM or swap space
#   The process is running with CompressedOops enabled, and the Java Heap may be blocking the growth of the native heap
# Possible solutions:
#   Reduce memory load on the system
#   Increase physical memory or swap space
#   Check if swap backing store is full
#   Decrease Java heap size (-Xmx/-Xms)
#   Decrease number of Java threads
#   Decrease Java thread stack sizes (-Xss)
#   Set larger code cache with -XX:ReservedCodeCacheSize=
#   JVM is running with Unscaled Compressed Oops mode in which the Java heap is
#     placed in the first 4GB address space. The Java Heap base address is the
#     maximum limit for the native heap growth. Please use -XX:HeapBaseMinAddress
#     to set the Java Heap base and to place the Java Heap above 4GB virtual address.
# This output file may be truncated or incomplete.
#
#  Out of Memory Error (allocation.cpp:389), pid=7092, tid=0x000000000000104c
#
# JRE version: OpenJDK Runtime Environment (8.0_242-b01) (build 1.8.0_242-release-1644-b01)
# Java VM: OpenJDK 64-Bit Server VM (25.242-b01 mixed mode windows-amd64 compressed oops)
# Failed to write core dump. Minidumps are not enabled by default on client versions of Windows
#

---------------  T H R E A D  ---------------

Current thread (0x00000000179a3000):  JavaThread "C2 CompilerThread0" daemon [_thread_in_native, id=4172, stack(0x0000000018ff0000,0x00000000190f0000)]

Stack: [0x0000000018ff0000,0x00000000190f0000]
[error occurred during error reporting (printing stack bounds), id 0xc0000005]

Native frames: (J=compiled Java code, j=interpreted, Vv=VM code, C=native code)


Current CompileTask:
C2:1885943 19983 %     4       com.android.tools.r8.ir.regalloc.a::a @ 332 (1761 bytes)


---------------  P R O C E S S  ---------------

Java Threads: ( => current thread )
  0x000000002b968000 JavaThread "stdout" [_thread_in_native, id=1380, stack(0x000000003a900000,0x000000003aa00000)]
  0x000000002b967000 JavaThread "stderr" [_thread_in_native, id=9492, stack(0x000000003a800000,0x000000003a900000)]
  0x000000002b965000 JavaThread "stdout" [_thread_in_native, id=1276, stack(0x000000003a700000,0x000000003a800000)]
  0x000000002b964000 JavaThread "stderr" [_thread_in_native, id=7428, stack(0x000000003a600000,0x000000003a700000)]
  0x000000002b966800 JavaThread "stdout" [_thread_in_native, id=9040, stack(0x000000003a500000,0x000000003a600000)]
  0x000000002b968800 JavaThread "stderr" [_thread_in_native, id=9232, stack(0x000000003a400000,0x000000003a500000)]
  0x000000002b965800 JavaThread "stdout" [_thread_in_native, id=7288, stack(0x000000003a300000,0x000000003a400000)]
  0x000000002b969800 JavaThread "stderr" [_thread_in_native, id=7816, stack(0x000000003a200000,0x000000003a300000)]
  0x000000002b95c800 JavaThread "pool-4-thread-1" [_thread_blocked, id=4572, stack(0x000000003a100000,0x000000003a200000)]
  0x000000002b963800 JavaThread "WorkerExecutor Queue Thread 4" [_thread_blocked, id=8348, stack(0x000000003a000000,0x000000003a100000)]
  0x000000002b962800 JavaThread "WorkerExecutor Queue Thread 3" [_thread_blocked, id=4504, stack(0x0000000039f00000,0x000000003a000000)]
  0x000000002b95b000 JavaThread "WorkerExecutor Queue Thread 2" [_thread_blocked, id=4708, stack(0x0000000039e00000,0x0000000039f00000)]
  0x000000002b962000 JavaThread "WorkerExecutor Queue" [_thread_blocked, id=10072, stack(0x0000000039d00000,0x0000000039e00000)]
  0x000000002b95a000 JavaThread "Cache worker for execution history cache (C:\Users\pc\AndroidStudioProjects\Vkfriends\.gradle\6.5\executionHistory)" [_thread_blocked, id=6140, stack(0x0000000039b00000,0x0000000039c00000)]
  0x000000001f124800 JavaThread "Execution worker for ':' Thread 3" [_thread_blocked, id=3972, stack(0x0000000039a00000,0x0000000039b00000)]
  0x000000001f11d000 JavaThread "Execution worker for ':' Thread 2" [_thread_blocked, id=6176, stack(0x0000000039900000,0x0000000039a00000)]
  0x000000001f120800 JavaThread "Execution worker for ':'" [_thread_blocked, id=7140, stack(0x0000000039800000,0x0000000039900000)]
  0x000000001f122000 JavaThread "Cache worker for file content cache (C:\Users\pc\AndroidStudioProjects\Vkfriends\.gradle\6.5\fileContent)" [_thread_blocked, id=6152, stack(0x0000000039700000,0x0000000039800000)]
  0x000000001f120000 JavaThread "Cache worker for Build Output Cleanup Cache (C:\Users\pc\AndroidStudioProjects\Vkfriends\.gradle\buildOutputCleanup)" [_thread_blocked, id=8608, stack(0x0000000039600000,0x0000000039700000)]
  0x000000001f123800 JavaThread "jar transforms Thread 228" [_thread_blocked, id=4648, stack(0x0000000039500000,0x0000000039600000)]
  0x000000001f11f000 JavaThread "jar transforms Thread 227" [_thread_blocked, id=8172, stack(0x0000000039400000,0x0000000039500000)]
  0x000000001f123000 JavaThread "jar transforms Thread 226" [_thread_blocked, id=2760, stack(0x0000000039300000,0x0000000039400000)]
  0x000000001f11e800 JavaThread "jar transforms Thread 225" [_thread_blocked, id=7756, stack(0x0000000039200000,0x0000000039300000)]
  0x000000001f121800 JavaThread "jar transforms Thread 224" [_thread_blocked, id=5660, stack(0x0000000039100000,0x0000000039200000)]
  0x000000001f11d800 JavaThread "jar transforms Thread 223" [_thread_blocked, id=6944, stack(0x0000000039000000,0x0000000039100000)]
  0x000000001f115800 JavaThread "jar transforms Thread 222" [_thread_blocked, id=5964, stack(0x0000000038f00000,0x0000000039000000)]
  0x000000001f11b800 JavaThread "jar transforms Thread 221" [_thread_blocked, id=2244, stack(0x0000000038e00000,0x0000000038f00000)]
  0x000000001f119000 JavaThread "jar transforms Thread 220" [_thread_blocked, id=8836, stack(0x0000000038d00000,0x0000000038e00000)]
  0x000000001f118800 JavaThread "jar transforms Thread 219" [_thread_blocked, id=7792, stack(0x0000000038c00000,0x0000000038d00000)]
  0x000000001f116000 JavaThread "jar transforms Thread 218" [_thread_blocked, id=3396, stack(0x0000000038b00000,0x0000000038c00000)]
  0x000000001f11a000 JavaThread "jar transforms Thread 217" [_thread_blocked, id=3228, stack(0x0000000038a00000,0x0000000038b00000)]
  0x000000001f117800 JavaThread "jar transforms Thread 216" [_thread_blocked, id=2816, stack(0x0000000038900000,0x0000000038a00000)]
  0x000000001f11c000 JavaThread "jar transforms Thread 215" [_thread_blocked, id=5408, stack(0x0000000038800000,0x0000000038900000)]
  0x000000001f117000 JavaThread "jar transforms Thread 214" [_thread_blocked, id=6024, stack(0x0000000038700000,0x0000000038800000)]
  0x000000001f11a800 JavaThread "jar transforms Thread 213" [_thread_blocked, id=3200, stack(0x0000000038600000,0x0000000038700000)]
  0x000000001e8a3000 JavaThread "jar transforms Thread 212" [_thread_blocked, id=2580, stack(0x0000000038500000,0x0000000038600000)]
  0x000000001e8a2000 JavaThread "jar transforms Thread 211" [_thread_blocked, id=8020, stack(0x0000000038400000,0x0000000038500000)]
  0x000000001e8a4800 JavaThread "jar transforms Thread 210" [_thread_blocked, id=8892, stack(0x0000000038300000,0x0000000038400000)]
  0x000000001e8a3800 JavaThread "jar transforms Thread 209" [_thread_blocked, id=2756, stack(0x0000000038200000,0x0000000038300000)]
  0x000000001e8a1800 JavaThread "jar transforms Thread 208" [_thread_blocked, id=6860, stack(0x0000000038100000,0x0000000038200000)]
  0x000000001e8a0800 JavaThread "jar transforms Thread 207" [_thread_blocked, id=6816, stack(0x0000000038000000,0x0000000038100000)]
  0x000000001e899000 JavaThread "jar transforms Thread 206" [_thread_blocked, id=6132, stack(0x0000000037f00000,0x0000000038000000)]
  0x000000001e8a0000 JavaThread "jar transforms Thread 205" [_thread_blocked, id=1288, stack(0x0000000037e00000,0x0000000037f00000)]
  0x000000001e89f000 JavaThread "jar transforms Thread 204" [_thread_blocked, id=4460, stack(0x0000000037d00000,0x0000000037e00000)]
  0x000000001e89a000 JavaThread "jar transforms Thread 203" [_thread_blocked, id=3108, stack(0x0000000037c00000,0x0000000037d00000)]
  0x000000001e897800 JavaThread "jar transforms Thread 202" [_thread_blocked, id=3988, stack(0x0000000037b00000,0x0000000037c00000)]
  0x000000001e89a800 JavaThread "jar transforms Thread 201" [_thread_blocked, id=8112, stack(0x0000000037a00000,0x0000000037b00000)]
  0x000000001e89e800 JavaThread "jar transforms Thread 200" [_thread_blocked, id=2120, stack(0x0000000037900000,0x0000000037a00000)]
  0x000000001e89d800 JavaThread "jar transforms Thread 199" [_thread_blocked, id=9756, stack(0x0000000037800000,0x0000000037900000)]
  0x000000001e898800 JavaThread "jar transforms Thread 198" [_thread_blocked, id=9200, stack(0x0000000037700000,0x0000000037800000)]
  0x000000001e897000 JavaThread "jar transforms Thread 197" [_thread_blocked, id=1256, stack(0x0000000037600000,0x0000000037700000)]
  0x000000001e89b800 JavaThread "jar transforms Thread 196" [_thread_blocked, id=1536, stack(0x0000000037500000,0x0000000037600000)]
  0x000000001e89c000 JavaThread "jar transforms Thread 195" [_thread_blocked, id=4920, stack(0x0000000037400000,0x0000000037500000)]
  0x000000001e89d000 JavaThread "jar transforms Thread 194" [_thread_blocked, id=3532, stack(0x0000000037300000,0x0000000037400000)]
  0x000000001e896000 JavaThread "jar transforms Thread 193" [_thread_blocked, id=428, stack(0x0000000037200000,0x0000000037300000)]
  0x000000001e895800 JavaThread "jar transforms Thread 192" [_thread_blocked, id=5208, stack(0x0000000037100000,0x0000000037200000)]
  0x000000002d22f800 JavaThread "jar transforms Thread 191" [_thread_blocked, id=6764, stack(0x0000000037000000,0x0000000037100000)]
  0x000000002d22e800 JavaThread "jar transforms Thread 190" [_thread_blocked, id=4888, stack(0x0000000036f00000,0x0000000037000000)]
  0x000000002d22e000 JavaThread "jar transforms Thread 189" [_thread_blocked, id=3924, stack(0x0000000036e00000,0x0000000036f00000)]
  0x000000002d22c800 JavaThread "jar transforms Thread 188" [_thread_blocked, id=3920, stack(0x0000000036d00000,0x0000000036e00000)]
  0x000000002d22b800 JavaThread "jar transforms Thread 187" [_thread_blocked, id=1128, stack(0x0000000036c00000,0x0000000036d00000)]
  0x000000002d22d000 JavaThread "jar transforms Thread 186" [_thread_blocked, id=6696, stack(0x0000000036b00000,0x0000000036c00000)]
  0x000000002d224000 JavaThread "jar transforms Thread 185" [_thread_blocked, id=6452, stack(0x0000000036a00000,0x0000000036b00000)]
  0x000000002d22b000 JavaThread "jar transforms Thread 184" [_thread_blocked, id=8008, stack(0x0000000036900000,0x0000000036a00000)]
  0x000000002d22a000 JavaThread "jar transforms Thread 183" [_thread_blocked, id=2968, stack(0x0000000036800000,0x0000000036900000)]
  0x000000002d222800 JavaThread "jar transforms Thread 182" [_thread_blocked, id=2784, stack(0x0000000036700000,0x0000000036800000)]
  0x000000002d229800 JavaThread "jar transforms Thread 181" [_thread_blocked, id=6204, stack(0x0000000036600000,0x0000000036700000)]
  0x000000002d228800 JavaThread "jar transforms Thread 180" [_thread_blocked, id=6808, stack(0x0000000036500000,0x0000000036600000)]
  0x000000002d221000 JavaThread "jar transforms Thread 179" [_thread_blocked, id=9276, stack(0x0000000036400000,0x0000000036500000)]
  0x000000002d228000 JavaThread "jar transforms Thread 178" [_thread_blocked, id=10160, stack(0x0000000036300000,0x0000000036400000)]
  0x000000002d225800 JavaThread "jar transforms Thread 177" [_thread_blocked, id=9412, stack(0x0000000036200000,0x0000000036300000)]
  0x000000002d226800 JavaThread "jar transforms Thread 176" [_thread_blocked, id=3564, stack(0x0000000036100000,0x0000000036200000)]
  0x000000002d220800 JavaThread "jar transforms Thread 175" [_thread_blocked, id=10200, stack(0x0000000036000000,0x0000000036100000)]
  0x000000002d225000 JavaThread "jar transforms Thread 174" [_thread_blocked, id=7752, stack(0x0000000035f00000,0x0000000036000000)]
  0x000000002d223800 JavaThread "jar transforms Thread 173" [_thread_blocked, id=3488, stack(0x0000000035e00000,0x0000000035f00000)]
  0x000000002d222000 JavaThread "jar transforms Thread 172" [_thread_blocked, id=2584, stack(0x0000000035d00000,0x0000000035e00000)]
  0x000000002d227000 JavaThread "jar transforms Thread 171" [_thread_blocked, id=5008, stack(0x0000000035c00000,0x0000000035d00000)]
  0x000000001ed09000 JavaThread "jar transforms Thread 170" [_thread_blocked, id=2236, stack(0x0000000035b00000,0x0000000035c00000)]
  0x000000001ed08800 JavaThread "jar transforms Thread 169" [_thread_blocked, id=9540, stack(0x0000000035a00000,0x0000000035b00000)]
  0x000000001ed07800 JavaThread "jar transforms Thread 168" [_thread_blocked, id=3180, stack(0x0000000035900000,0x0000000035a00000)]
  0x000000001ed00000 JavaThread "jar transforms Thread 167" [_thread_blocked, id=6372, stack(0x0000000035800000,0x0000000035900000)]
  0x000000001ed07000 JavaThread "jar transforms Thread 166" [_thread_blocked, id=9384, stack(0x0000000035700000,0x0000000035800000)]
  0x000000001ed04800 JavaThread "jar transforms Thread 165" [_thread_blocked, id=8356, stack(0x0000000035600000,0x0000000035700000)]
  0x000000001ed06000 JavaThread "jar transforms Thread 164" [_thread_blocked, id=3184, stack(0x0000000035500000,0x0000000035600000)]
  0x000000001ed01000 JavaThread "jar transforms Thread 163" [_thread_blocked, id=900, stack(0x0000000035400000,0x0000000035500000)]
  0x000000001ed04000 JavaThread "jar transforms Thread 162" [_thread_blocked, id=6416, stack(0x0000000035300000,0x0000000035400000)]
  0x000000001ed03000 JavaThread "jar transforms Thread 161" [_thread_blocked, id=4112, stack(0x0000000035200000,0x0000000035300000)]
  0x000000001ed05800 JavaThread "jar transforms Thread 160" [_thread_blocked, id=5968, stack(0x0000000035100000,0x0000000035200000)]
  0x000000001ed02800 JavaThread "jar transforms Thread 159" [_thread_blocked, id=9980, stack(0x0000000035000000,0x0000000035100000)]
  0x000000001ecfd000 JavaThread "jar transforms Thread 158" [_thread_blocked, id=3292, stack(0x0000000034f00000,0x0000000035000000)]
  0x000000001ecfb000 JavaThread "jar transforms Thread 157" [_thread_blocked, id=1484, stack(0x0000000034e00000,0x0000000034f00000)]
  0x000000001ecff800 JavaThread "jar transforms Thread 156" [_thread_blocked, id=4672, stack(0x0000000034d00000,0x0000000034e00000)]
  0x000000001ed01800 JavaThread "jar transforms Thread 155" [_thread_blocked, id=4152, stack(0x0000000034c00000,0x0000000034d00000)]
  0x000000001ecfb800 JavaThread "jar transforms Thread 154" [_thread_blocked, id=3460, stack(0x0000000034b00000,0x0000000034c00000)]
  0x000000001ecfa000 JavaThread "jar transforms Thread 153" [_thread_blocked, id=7584, stack(0x0000000034a00000,0x0000000034b00000)]
  0x000000001ecfe800 JavaThread "jar transforms Thread 152" [_thread_blocked, id=1712, stack(0x0000000034900000,0x0000000034a00000)]
  0x000000001ecfc800 JavaThread "jar transforms Thread 151" [_thread_blocked, id=1644, stack(0x0000000034800000,0x0000000034900000)]
  0x000000001ecfe000 JavaThread "jar transforms Thread 150" [_thread_blocked, id=2884, stack(0x0000000034700000,0x0000000034800000)]
  0x0000000019ea0000 JavaThread "jar transforms Thread 149" [_thread_blocked, id=8888, stack(0x0000000034600000,0x0000000034700000)]
  0x0000000019ea7000 JavaThread "jar transforms Thread 148" [_thread_blocked, id=4392, stack(0x0000000034500000,0x0000000034600000)]
  0x0000000019ea4800 JavaThread "jar transforms Thread 147" [_thread_blocked, id=9912, stack(0x0000000034400000,0x0000000034500000)]
  0x0000000019ea3000 JavaThread "jar transforms Thread 146" [_thread_blocked, id=2208, stack(0x0000000034300000,0x0000000034400000)]
  0x0000000019ea6000 JavaThread "jar transforms Thread 145" [_thread_blocked, id=2672, stack(0x0000000034200000,0x0000000034300000)]
  0x0000000019e9d800 JavaThread "jar transforms Thread 144" [_thread_blocked, id=4696, stack(0x0000000034100000,0x0000000034200000)]
  0x0000000019ea3800 JavaThread "jar transforms Thread 143" [_thread_blocked, id=4216, stack(0x0000000034000000,0x0000000034100000)]
  0x0000000019e9a000 JavaThread "jar transforms Thread 142" [_thread_blocked, id=1168, stack(0x0000000033f00000,0x0000000034000000)]
  0x0000000019e9a800 JavaThread "jar transforms Thread 141" [_thread_blocked, id=1196, stack(0x0000000033e00000,0x0000000033f00000)]
  0x000000001b330800 JavaThread "jar transforms Thread 140" [_thread_blocked, id=8564, stack(0x0000000033d00000,0x0000000033e00000)]
  0x000000001b333800 JavaThread "jar transforms Thread 139" [_thread_blocked, id=8396, stack(0x0000000033c00000,0x0000000033d00000)]
  0x000000001b337000 JavaThread "jar transforms Thread 138" [_thread_blocked, id=4784, stack(0x0000000033b00000,0x0000000033c00000)]
  0x000000001b332800 JavaThread "jar transforms Thread 137" [_thread_blocked, id=1508, stack(0x0000000033a00000,0x0000000033b00000)]
  0x000000001b331000 JavaThread "jar transforms Thread 136" [_thread_blocked, id=3648, stack(0x0000000033900000,0x0000000033a00000)]
  0x000000001b335800 JavaThread "jar transforms Thread 135" [_thread_blocked, id=6588, stack(0x0000000033800000,0x0000000033900000)]
  0x000000001b335000 JavaThread "jar transforms Thread 134" [_thread_blocked, id=1324, stack(0x0000000033700000,0x0000000033800000)]
  0x000000001b334000 JavaThread "jar transforms Thread 133" [_thread_blocked, id=9524, stack(0x0000000033600000,0x0000000033700000)]
  0x000000001b336800 JavaThread "jar transforms Thread 132" [_thread_blocked, id=9336, stack(0x0000000033500000,0x0000000033600000)]
  0x000000001bdbc000 JavaThread "jar transforms Thread 131" [_thread_blocked, id=1036, stack(0x0000000033400000,0x0000000033500000)]
  0x000000001bdbd800 JavaThread "jar transforms Thread 130" [_thread_blocked, id=1068, stack(0x0000000033300000,0x0000000033400000)]
  0x000000001bdbb800 JavaThread "jar transforms Thread 129" [_thread_blocked, id=6756, stack(0x0000000033200000,0x0000000033300000)]
  0x000000001bdc0800 JavaThread "jar transforms Thread 128" [_thread_blocked, id=7228, stack(0x0000000033100000,0x0000000033200000)]
  0x000000001bdb8800 JavaThread "jar transforms Thread 127" [_thread_blocked, id=9036, stack(0x0000000033000000,0x0000000033100000)]
  0x000000001bdba800 JavaThread "jar transforms Thread 126" [_thread_blocked, id=7656, stack(0x0000000032f00000,0x0000000033000000)]
  0x000000001bdb3000 JavaThread "jar transforms Thread 125" [_thread_blocked, id=6008, stack(0x0000000032e00000,0x0000000032f00000)]
  0x000000001bdb7000 JavaThread "jar transforms Thread 124" [_thread_blocked, id=6924, stack(0x0000000032d00000,0x0000000032e00000)]
  0x000000001bdb6000 JavaThread "jar transforms Thread 123" [_thread_blocked, id=10092, stack(0x0000000032c00000,0x0000000032d00000)]
  0x000000001bdb5800 JavaThread "jar transforms Thread 122" [_thread_blocked, id=5836, stack(0x0000000032b00000,0x0000000032c00000)]
  0x000000001bdb4800 JavaThread "jar transforms Thread 121" [_thread_blocked, id=2520, stack(0x0000000032a00000,0x0000000032b00000)]
  0x000000001bdba000 JavaThread "jar transforms Thread 120" [_thread_blocked, id=8808, stack(0x0000000032900000,0x0000000032a00000)]
  0x000000001bdb9000 JavaThread "jar transforms Thread 119" [_thread_blocked, id=2172, stack(0x0000000032800000,0x0000000032900000)]
  0x000000001bdb4000 JavaThread "jar transforms Thread 118" [_thread_blocked, id=7604, stack(0x0000000032700000,0x0000000032800000)]
  0x000000001bdb7800 JavaThread "jar transforms Thread 117" [_thread_blocked, id=7676, stack(0x0000000032600000,0x0000000032700000)]
  0x00000000202e7800 JavaThread "jar transforms Thread 116" [_thread_blocked, id=212, stack(0x0000000032500000,0x0000000032600000)]
  0x00000000202e5000 JavaThread "jar transforms Thread 115" [_thread_blocked, id=8528, stack(0x0000000032400000,0x0000000032500000)]
  0x00000000202ea800 JavaThread "Build operations Thread 4" [_thread_in_Java, id=7988, stack(0x0000000032300000,0x0000000032400000)]
  0x00000000202e4800 JavaThread "Build operations Thread 3" [_thread_in_Java, id=3504, stack(0x0000000032200000,0x0000000032300000)]
  0x00000000202e6800 JavaThread "Build operations Thread 2" [_thread_in_vm, id=6804, stack(0x0000000032100000,0x0000000032200000)]
  0x00000000202e3800 JavaThread "Build operations" [_thread_in_native, id=5032, stack(0x0000000032000000,0x0000000032100000)]
  0x00000000202e6000 JavaThread "Cache worker for cache directory md-rule (C:\Users\pc\.gradle\caches\6.5\md-rule)" [_thread_blocked, id=8292, stack(0x0000000031f00000,0x0000000032000000)]
  0x00000000202e9800 JavaThread "Cache worker for cache directory md-supplier (C:\Users\pc\.gradle\caches\6.5\md-supplier)" [_thread_blocked, id=1416, stack(0x0000000030d90000,0x0000000030e90000)]
  0x00000000202e9000 JavaThread "Cache worker for checksums cache (C:\Users\pc\AndroidStudioProjects\Vkfriends\.gradle\checksums)" [_thread_blocked, id=2392, stack(0x0000000030c90000,0x0000000030d90000)]
  0x00000000202e8000 JavaThread "Cache worker for file hash cache (C:\Users\pc\AndroidStudioProjects\Vkfriends\.gradle\6.5\fileHashes)" [_thread_blocked, id=7864, stack(0x0000000030b90000,0x0000000030c90000)]
  0x00000000202dc000 JavaThread "Thread-148" [_thread_blocked, id=5504, stack(0x0000000030a90000,0x0000000030b90000)]
  0x00000000202e3000 JavaThread "Stdin handler" [_thread_blocked, id=6984, stack(0x0000000030990000,0x0000000030a90000)]
  0x00000000202e0800 JavaThread "Asynchronous log dispatcher for DefaultDaemonConnection: socket connection from /127.0.0.1:50274 to /127.0.0.1:50572" [_thread_blocked, id=9152, stack(0x0000000030890000,0x0000000030990000)]
  0x00000000202e1800 JavaThread "Daemon worker Thread 2" [_thread_blocked, id=3372, stack(0x0000000030790000,0x0000000030890000)]
  0x00000000202e2000 JavaThread "Cancel handler" [_thread_blocked, id=8712, stack(0x000000002f6a0000,0x000000002f7a0000)]
  0x00000000202e0000 JavaThread "Handler for socket connection from /127.0.0.1:50274 to /127.0.0.1:50572" [_thread_in_native, id=8728, stack(0x000000002f5a0000,0x000000002f6a0000)]
  0x00000000202df000 JavaThread "Daemon Thread 2" [_thread_blocked, id=3240, stack(0x000000002f4a0000,0x000000002f5a0000)]
  0x0000000019e9c000 JavaThread "Memory manager" [_thread_blocked, id=4288, stack(0x000000002ce80000,0x000000002cf80000)]
  0x000000001bdbe800 JavaThread "Cache worker for file content cache (C:\Users\pc\.gradle\caches\6.5\fileContent)" [_thread_blocked, id=9812, stack(0x0000000023340000,0x0000000023440000)]
  0x000000001bdbd000 JavaThread "Cache worker for execution history cache (C:\Users\pc\.gradle\caches\6.5\executionHistory)" [_thread_blocked, id=9736, stack(0x0000000023240000,0x0000000023340000)]
  0x000000001b332000 JavaThread "Cache worker for file hash cache (C:\Users\pc\.gradle\caches\6.5\fileHashes)" [_thread_blocked, id=3464, stack(0x000000001d940000,0x000000001da40000)]
  0x000000001b3b0800 JavaThread "File lock request listener" [_thread_in_native, id=9868, stack(0x000000001d840000,0x000000001d940000)]
  0x000000001b357800 JavaThread "Cache worker for journal cache (C:\Users\pc\.gradle\caches\journal-1)" [_thread_blocked, id=5916, stack(0x000000001d740000,0x000000001d840000)]
  0x000000001b312800 JavaThread "Daemon periodic checks" [_thread_blocked, id=4684, stack(0x000000001cb40000,0x000000001cc40000)]
  0x000000001b28e000 JavaThread "Incoming local TCP Connector on port 50274" [_thread_in_native, id=9724, stack(0x000000001c8f0000,0x000000001c9f0000)]
  0x000000001adb5800 JavaThread "Daemon health stats" [_thread_blocked, id=7320, stack(0x000000001c290000,0x000000001c390000)]
  0x00000000179fe800 JavaThread "Service Thread" daemon [_thread_blocked, id=1304, stack(0x00000000196f0000,0x00000000197f0000)]
  0x00000000179b2000 JavaThread "C1 CompilerThread2" daemon [_thread_blocked, id=2152, stack(0x00000000191f0000,0x00000000192f0000)]
  0x00000000179a9800 JavaThread "C2 CompilerThread1" daemon [_thread_in_native, id=5436, stack(0x00000000190f0000,0x00000000191f0000)]
=>0x00000000179a3000 JavaThread "C2 CompilerThread0" daemon [_thread_in_native, id=4172, stack(0x0000000018ff0000,0x00000000190f0000)]
  0x00000000179a0800 JavaThread "Attach Listener" daemon [_thread_blocked, id=4432, stack(0x0000000018ef0000,0x0000000018ff0000)]
  0x00000000179a6800 JavaThread "Signal Dispatcher" daemon [_thread_blocked, id=300, stack(0x0000000018df0000,0x0000000018ef0000)]
  0x0000000002d7c000 JavaThread "Finalizer" daemon [_thread_blocked, id=8280, stack(0x0000000018bf0000,0x0000000018cf0000)]
  0x0000000017989000 JavaThread "Reference Handler" daemon [_thread_blocked, id=2616, stack(0x0000000018af0000,0x0000000018bf0000)]
  0x000000000148d800 JavaThread "main" [_thread_blocked, id=7632, stack(0x0000000001350000,0x0000000001450000)]

Other Threads:
  0x0000000017966000 VMThread [stack: 0x00000000189f0000,0x0000000018af0000] [id=8604]
  0x0000000019321800 WatcherThread [stack: 0x00000000197f0000,0x00000000198f0000] [id=572]

VM state:not at safepoint (normal execution)

VM Mutex/Monitor currently owned by a thread: None

heap address: 0x0000000080000000, size: 2048 MB, Compressed Oops mode: 32-bit
Narrow klass base: 0x0000000000000000, Narrow klass shift: 3
Compressed class space size: 1073741824 Address: 0x0000000100000000

Heap:
 PSYoungGen      total 456192K, used 314782K [0x00000000d5580000, 0x00000000f4280000, 0x0000000100000000)
  eden space 407552K, 65% used [0x00000000d5580000,0x00000000e596e518,0x00000000ee380000)
  from space 48640K, 99% used [0x00000000ee380000,0x00000000f12f9688,0x00000000f1300000)
  to   space 41984K, 0% used [0x00000000f1980000,0x00000000f1980000,0x00000000f4280000)
 ParOldGen       total 190464K, used 103067K [0x0000000080000000, 0x000000008ba00000, 0x00000000d5580000)
  object space 190464K, 54% used [0x0000000080000000,0x00000000864a6cd0,0x000000008ba00000)
 Metaspace       used 109149K, capacity 114696K, committed 114776K, reserved 1148928K
  class space    used 14089K, capacity 15203K, committed 15232K, reserved 1048576K

Card table byte_map: [0x0000000012140000,0x0000000012550000] byte_map_base: 0x0000000011d40000

Marking Bits: (ParMarkBitMap*) 0x00000000509df030
 Begin Bits: [0x0000000012c00000, 0x0000000014c00000)
 End Bits:   [0x0000000014c00000, 0x0000000016c00000)

Polling page: 0x0000000000e60000

CodeCache: size=245760Kb used=58545Kb max_used=58892Kb free=187214Kb
 bounds [0x0000000002d80000, 0x0000000006750000, 0x0000000011d80000]
 total_blobs=18008 nmethods=17079 adapters=838
 compilation: enabled

Compilation events (10 events):
Event: 1885.907 Thread 0x00000000179b2000 20494       2       com.android.tools.r8.t.a.a.a.h.a0$d::getKey (13 bytes)
Event: 1885.907 Thread 0x00000000179b2000 nmethod 20494 0x0000000003d5c390 code [0x0000000003d5c4e0, 0x0000000003d5c650]
Event: 1885.911 Thread 0x00000000179b2000 20495       2       com.android.tools.r8.code.h::<init> (8 bytes)
Event: 1885.911 Thread 0x00000000179b2000 nmethod 20495 0x0000000003d5c010 code [0x0000000003d5c180, 0x0000000003d5c2e8]
Event: 1885.916 Thread 0x00000000179b2000 20496       2       com.android.tools.r8.s.a.p.h::hashCode (7 bytes)
Event: 1885.916 Thread 0x00000000179b2000 nmethod 20496 0x0000000003d5bc90 code [0x0000000003d5be00, 0x0000000003d5bf88]
Event: 1885.928 Thread 0x00000000179b2000 20498       2       com.android.tools.r8.p.n.c::a (297 bytes)
Event: 1885.931 Thread 0x00000000179b2000 nmethod 20498 0x000000000539d490 code [0x000000000539d7a0, 0x000000000539e8d8]
Event: 1885.931 Thread 0x00000000179b2000 20499       2       com.android.tools.r8.s.b.j::<init> (28 bytes)
Event: 1885.932 Thread 0x00000000179b2000 nmethod 20499 0x00000000040a1bd0 code [0x00000000040a1d40, 0x00000000040a20e8]

GC Heap History (10 events):
Event: 87.262 GC heap before
{Heap before GC invocations=27 (full 3):
 PSYoungGen      total 323584K, used 321630K [0x00000000d5580000, 0x00000000ef580000, 0x0000000100000000)
  eden space 290816K, 100% used [0x00000000d5580000,0x00000000e7180000,0x00000000e7180000)
  from space 32768K, 94% used [0x00000000e7180000,0x00000000e8f978b8,0x00000000e9180000)
  to   space 37376K, 0% used [0x00000000ed100000,0x00000000ed100000,0x00000000ef580000)
 ParOldGen       total 109056K, used 56378K [0x0000000080000000, 0x0000000086a80000, 0x00000000d5580000)
  object space 109056K, 51% used [0x0000000080000000,0x000000008370ea50,0x0000000086a80000)
 Metaspace       used 90910K, capacity 95434K, committed 95576K, reserved 1132544K
  class space    used 11950K, capacity 12810K, committed 12928K, reserved 1048576K
Event: 87.335 GC heap after
Heap after GC invocations=27 (full 3):
 PSYoungGen      total 383488K, used 32479K [0x00000000d5580000, 0x00000000eff80000, 0x0000000100000000)
  eden space 346112K, 0% used [0x00000000d5580000,0x00000000d5580000,0x00000000ea780000)
  from space 37376K, 86% used [0x00000000ed100000,0x00000000ef0b7de8,0x00000000ef580000)
  to   space 42496K, 0% used [0x00000000ea780000,0x00000000ea780000,0x00000000ed100000)
 ParOldGen       total 109056K, used 65819K [0x0000000080000000, 0x0000000086a80000, 0x00000000d5580000)
  object space 109056K, 60% used [0x0000000080000000,0x0000000084046db8,0x0000000086a80000)
 Metaspace       used 90910K, capacity 95434K, committed 95576K, reserved 1132544K
  class space    used 11950K, capacity 12810K, committed 12928K, reserved 1048576K
}
Event: 88.984 GC heap before
{Heap before GC invocations=28 (full 3):
 PSYoungGen      total 383488K, used 218060K [0x00000000d5580000, 0x00000000eff80000, 0x0000000100000000)
  eden space 346112K, 53% used [0x00000000d5580000,0x00000000e0abb2c0,0x00000000ea780000)
  from space 37376K, 86% used [0x00000000ed100000,0x00000000ef0b7de8,0x00000000ef580000)
  to   space 42496K, 0% used [0x00000000ea780000,0x00000000ea780000,0x00000000ed100000)
 ParOldGen       total 109056K, used 65819K [0x0000000080000000, 0x0000000086a80000, 0x00000000d5580000)
  object space 109056K, 60% used [0x0000000080000000,0x0000000084046db8,0x0000000086a80000)
 Metaspace       used 93503K, capacity 98198K, committed 98264K, reserved 1134592K
  class space    used 12349K, capacity 13286K, committed 13312K, reserved 1048576K
Event: 89.074 GC heap after
Heap after GC invocations=28 (full 3):
 PSYoungGen      total 388608K, used 33314K [0x00000000d5580000, 0x00000000f4680000, 0x0000000100000000)
  eden space 346112K, 0% used [0x00000000d5580000,0x00000000d5580000,0x00000000ea780000)
  from space 42496K, 78% used [0x00000000ea780000,0x00000000ec808bb0,0x00000000ed100000)
  to   space 46080K, 0% used [0x00000000f1980000,0x00000000f1980000,0x00000000f4680000)
 ParOldGen       total 109056K, used 75835K [0x0000000080000000, 0x0000000086a80000, 0x00000000d5580000)
  object space 109056K, 69% used [0x0000000080000000,0x0000000084a0ec48,0x0000000086a80000)
 Metaspace       used 93503K, capacity 98198K, committed 98264K, reserved 1134592K
  class space    used 12349K, capacity 13286K, committed 13312K, reserved 1048576K
}
Event: 89.074 GC heap before
{Heap before GC invocations=29 (full 4):
 PSYoungGen      total 388608K, used 33314K [0x00000000d5580000, 0x00000000f4680000, 0x0000000100000000)
  eden space 346112K, 0% used [0x00000000d5580000,0x00000000d5580000,0x00000000ea780000)
  from space 42496K, 78% used [0x00000000ea780000,0x00000000ec808bb0,0x00000000ed100000)
  to   space 46080K, 0% used [0x00000000f1980000,0x00000000f1980000,0x00000000f4680000)
 ParOldGen       total 109056K, used 75835K [0x0000000080000000, 0x0000000086a80000, 0x00000000d5580000)
  object space 109056K, 69% used [0x0000000080000000,0x0000000084a0ec48,0x0000000086a80000)
 Metaspace       used 93503K, capacity 98198K, committed 98264K, reserved 1134592K
  class space    used 12349K, capacity 13286K, committed 13312K, reserved 1048576K
Event: 89.580 GC heap after
Heap after GC invocations=29 (full 4):
 PSYoungGen      total 388608K, used 0K [0x00000000d5580000, 0x00000000f4680000, 0x0000000100000000)
  eden space 346112K, 0% used [0x00000000d5580000,0x00000000d5580000,0x00000000ea780000)
  from space 42496K, 0% used [0x00000000ea780000,0x00000000ea780000,0x00000000ed100000)
  to   space 46080K, 0% used [0x00000000f1980000,0x00000000f1980000,0x00000000f4680000)
 ParOldGen       total 190464K, used 90399K [0x0000000080000000, 0x000000008ba00000, 0x00000000d5580000)
  object space 190464K, 47% used [0x0000000080000000,0x0000000085847f98,0x000000008ba00000)
 Metaspace       used 93303K, capacity 97588K, committed 98264K, reserved 1134592K
  class space    used 12284K, capacity 13147K, committed 13312K, reserved 1048576K
}
Event: 1872.311 GC heap before
{Heap before GC invocations=30 (full 4):
 PSYoungGen      total 388608K, used 346112K [0x00000000d5580000, 0x00000000f4680000, 0x0000000100000000)
  eden space 346112K, 100% used [0x00000000d5580000,0x00000000ea780000,0x00000000ea780000)
  from space 42496K, 0% used [0x00000000ea780000,0x00000000ea780000,0x00000000ed100000)
  to   space 46080K, 0% used [0x00000000f1980000,0x00000000f1980000,0x00000000f4680000)
 ParOldGen       total 190464K, used 90399K [0x0000000080000000, 0x000000008ba00000, 0x00000000d5580000)
  object space 190464K, 47% used [0x0000000080000000,0x0000000085847f98,0x000000008ba00000)
 Metaspace       used 100092K, capacity 104916K, committed 105048K, reserved 1140736K
  class space    used 12934K, capacity 13885K, committed 13952K, reserved 1048576K
Event: 1872.509 GC heap after
Heap after GC invocations=30 (full 4):
 PSYoungGen      total 449536K, used 32019K [0x00000000d5580000, 0x00000000f4280000, 0x0000000100000000)
  eden space 407552K, 0% used [0x00000000d5580000,0x00000000d5580000,0x00000000ee380000)
  from space 41984K, 76% used [0x00000000f1980000,0x00000000f38c4e18,0x00000000f4280000)
  to   space 48640K, 0% used [0x00000000ee380000,0x00000000ee380000,0x00000000f1300000)
 ParOldGen       total 190464K, used 90407K [0x0000000080000000, 0x000000008ba00000, 0x00000000d5580000)
  object space 190464K, 47% used [0x0000000080000000,0x0000000085849f98,0x000000008ba00000)
 Metaspace       used 100092K, capacity 104916K, committed 105048K, reserved 1140736K
  class space    used 12934K, capacity 13885K, committed 13952K, reserved 1048576K
}
Event: 1882.447 GC heap before
{Heap before GC invocations=31 (full 4):
 PSYoungGen      total 449536K, used 439571K [0x00000000d5580000, 0x00000000f4280000, 0x0000000100000000)
  eden space 407552K, 100% used [0x00000000d5580000,0x00000000ee380000,0x00000000ee380000)
  from space 41984K, 76% used [0x00000000f1980000,0x00000000f38c4e18,0x00000000f4280000)
  to   space 48640K, 0% used [0x00000000ee380000,0x00000000ee380000,0x00000000f1300000)
 ParOldGen       total 190464K, used 90407K [0x0000000080000000, 0x000000008ba00000, 0x00000000d5580000)
  object space 190464K, 47% used [0x0000000080000000,0x0000000085849f98,0x000000008ba00000)
 Metaspace       used 108352K, capacity 113832K, committed 114008K, reserved 1148928K
  class space    used 14045K, capacity 15129K, committed 15232K, reserved 1048576K
Event: 1882.636 GC heap after
Heap after GC invocations=31 (full 4):
 PSYoungGen      total 456192K, used 48613K [0x00000000d5580000, 0x00000000f4280000, 0x0000000100000000)
  eden space 407552K, 0% used [0x00000000d5580000,0x00000000d5580000,0x00000000ee380000)
  from space 48640K, 99% used [0x00000000ee380000,0x00000000f12f9688,0x00000000f1300000)
  to   space 41984K, 0% used [0x00000000f1980000,0x00000000f1980000,0x00000000f4280000)
 ParOldGen       total 190464K, used 103067K [0x0000000080000000, 0x000000008ba00000, 0x00000000d5580000)
  object space 190464K, 54% used [0x0000000080000000,0x00000000864a6cd0,0x000000008ba00000)
 Metaspace       used 108352K, capacity 113832K, committed 114008K, reserved 1148928K
  class space    used 14045K, capacity 15129K, committed 15232K, reserved 1048576K
}

Deoptimization events (10 events):
Event: 1882.907 Thread 0x00000000202e4800 Uncommon trap: reason=unstable_if action=reinterpret pc=0x00000000063db3e0 method=com.android.tools.r8.ir.regalloc.b.r()Z @ 9
Event: 1884.645 Thread 0x00000000202e4800 Uncommon trap: reason=unstable_if action=reinterpret pc=0x000000000666809c method=com.android.tools.r8.ir.optimize.K.a(Lcom/android/tools/r8/s/b/k0;)Z @ 149
Event: 1884.958 Thread 0x00000000202e4800 Uncommon trap: reason=predicate action=maybe_recompile pc=0x0000000006498804 method=java.util.TimSort.reverseRange([Ljava/lang/Object;II)V @ 8
Event: 1885.054 Thread 0x00000000202e4800 Uncommon trap: reason=unstable_if action=reinterpret pc=0x00000000064c1724 method=com.android.tools.r8.t.a.a.a.f.X$e.contains(Ljava/lang/Object;)Z @ 124
Event: 1885.206 Thread 0x00000000202e3800 Uncommon trap: reason=unstable_if action=reinterpret pc=0x00000000065d30d4 method=com.android.tools.r8.ir.conversion.o.a(Lcom/android/tools/r8/ir/conversion/N;IZ)V @ 964
Event: 1885.206 Thread 0x00000000202e3800 Uncommon trap: reason=unstable_if action=reinterpret pc=0x000000000643152c method=com.android.tools.r8.ir.conversion.N.a(ILcom/android/tools/r8/s/b/t1;Lcom/android/tools/r8/s/b/o;Lcom/android/tools/r8/s/b/o$c;Lcom/android/tools/r8/s/b/U0$a;)Lcom/android/t
Event: 1885.232 Thread 0x00000000202e3800 Uncommon trap: reason=unstable_if action=reinterpret pc=0x0000000006277c58 method=com.android.tools.r8.s.a.h.e.b(Lcom/android/tools/r8/s/b/k0;)V @ 11
Event: 1885.785 Thread 0x00000000202e6800 Uncommon trap: reason=unstable_if action=reinterpret pc=0x000000000641d6d0 method=com.android.tools.r8.t.a.a.a.f.X$e.contains(Ljava/lang/Object;)Z @ 124
Event: 1885.791 Thread 0x00000000202ea800 Uncommon trap: reason=unstable_if action=reinterpret pc=0x0000000006417938 method=com.android.tools.r8.ir.conversion.o.a(ILcom/android/tools/r8/ir/conversion/N;)I @ 165
Event: 1885.798 Thread 0x00000000202ea800 Uncommon trap: reason=unstable_if action=reinterpret pc=0x000000000610d828 method=com.android.tools.r8.ir.regalloc.a.a(Lcom/android/tools/r8/s/b/k0;Lcom/android/tools/r8/ir/regalloc/a$b;)Z @ 75

Classes redefined (0 events):
No events

Internal exceptions (10 events):
Event: 1878.356 Thread 0x000000001f124800 Exception <a 'sun/nio/fs/WindowsException'> (0x00000000de965c08) thrown at [C:\src\AOSP-openjdk-git\hotspot\src\share\vm\prims\jni.cpp, line 710]
Event: 1879.372 Thread 0x00000000202e4800 Exception <a 'sun/nio/fs/WindowsException'> (0x00000000e0e08ea8) thrown at [C:\src\AOSP-openjdk-git\hotspot\src\share\vm\prims\jni.cpp, line 710]
Event: 1879.374 Thread 0x00000000202e3800 Exception <a 'sun/nio/fs/WindowsException'> (0x00000000e092e348) thrown at [C:\src\AOSP-openjdk-git\hotspot\src\share\vm\prims\jni.cpp, line 710]
Event: 1879.473 Thread 0x00000000202e6800 Exception <a 'sun/nio/fs/WindowsException'> (0x00000000e25caa70) thrown at [C:\src\AOSP-openjdk-git\hotspot\src\share\vm\prims\jni.cpp, line 710]
Event: 1879.651 Thread 0x00000000202ea800 Exception <a 'sun/nio/fs/WindowsException'> (0x00000000e3285278) thrown at [C:\src\AOSP-openjdk-git\hotspot\src\share\vm\prims\jni.cpp, line 710]
Event: 1879.851 Thread 0x00000000202e3800 Exception <a 'java/lang/IncompatibleClassChangeError': Found class java.lang.Object, but interface was expected> (0x00000000e408b248) thrown at [C:\src\AOSP-openjdk-git\hotspot\src\share\vm\interpreter\linkResolver.cpp, line 653]
Event: 1880.467 Thread 0x00000000202ea800 Exception <a 'java/lang/NoSuchMethodError': java.lang.Object.b(Lcom/android/tools/r8/graph/p1$b;)Lcom/android/tools/r8/graph/p1$b;> (0x00000000ea25c778) thrown at [C:\src\AOSP-openjdk-git\hotspot\src\share\vm\interpreter\linkResolver.cpp, line 620]
Event: 1880.610 Thread 0x00000000202ea800 Exception <a 'java/lang/NoSuchMethodError': java.lang.Object.lambda$maxBy$1(Ljava/util/Comparator;Ljava/lang/Object;Ljava/lang/Object;)Ljava/lang/Object;> (0x00000000eaca8380) thrown at [C:\src\AOSP-openjdk-git\hotspot\src\share\vm\interpreter\linkResolve
Event: 1880.610 Thread 0x00000000202e3800 Exception <a 'java/lang/NoSuchMethodError': java.lang.Object.lambda$maxBy$1(Ljava/util/Comparator;Ljava/lang/Object;Ljava/lang/Object;)Ljava/lang/Object;> (0x00000000ead47350) thrown at [C:\src\AOSP-openjdk-git\hotspot\src\share\vm\interpreter\linkResolve
Event: 1885.206 Thread 0x00000000202e3800 Implicit null exception at 0x00000000065ce365 to 0x00000000065d30b1

Events (10 events):
Event: 1885.875 loading class com/android/tools/r8/s/c/B
Event: 1885.875 loading class com/android/tools/r8/s/c/B done
Event: 1885.876 loading class com/android/tools/r8/graph/e0$a
Event: 1885.876 loading class com/android/tools/r8/graph/e0$a done
Event: 1885.877 loading class com/android/tools/r8/s/c/D
Event: 1885.877 loading class com/android/tools/r8/s/c/D done
Event: 1885.878 loading class com/android/tools/r8/s/c/A
Event: 1885.878 loading class com/android/tools/r8/s/c/A done
Event: 1885.878 loading class com/android/tools/r8/s/c/J
Event: 1885.878 loading class com/android/tools/r8/s/c/J done


Dynamic libraries:
0x00007ff788450000 - 0x00007ff788481000 	C:\Program Files\Android\Android Studio\jre\bin\java.exe
0x00007ffea8e30000 - 0x00007ffea901c000 	C:\Windows\SYSTEM32\ntdll.dll
0x00007ffe84190000 - 0x00007ffe841a2000 	C:\Program Files\Avast Software\Avast\aswhook.dll
0x00007ffea6a20000 - 0x00007ffea6ad3000 	C:\Windows\System32\KERNEL32.DLL
0x00007ffea5380000 - 0x00007ffea5614000 	C:\Windows\System32\KERNELBASE.dll
0x00007ffea6580000 - 0x00007ffea6623000 	C:\Windows\System32\ADVAPI32.dll
0x00007ffea87b0000 - 0x00007ffea884e000 	C:\Windows\System32\msvcrt.dll
0x00007ffea6c40000 - 0x00007ffea6cdf000 	C:\Windows\System32\sechost.dll
0x00007ffea66b0000 - 0x00007ffea67d0000 	C:\Windows\System32\RPCRT4.dll
0x00007ffea63e0000 - 0x00007ffea6577000 	C:\Windows\System32\USER32.dll
0x00007ffea6040000 - 0x00007ffea6060000 	C:\Windows\System32\win32u.dll
0x00007ffea63a0000 - 0x00007ffea63c9000 	C:\Windows\System32\GDI32.dll
0x00007ffea4f00000 - 0x00007ffea509c000 	C:\Windows\System32\gdi32full.dll
0x00007ffea50a0000 - 0x00007ffea5140000 	C:\Windows\System32\msvcp_win.dll
0x00007ffea56c0000 - 0x00007ffea57ba000 	C:\Windows\System32\ucrtbase.dll
0x00007ffe98e30000 - 0x00007ffe990a9000 	C:\Windows\WinSxS\amd64_microsoft.windows.common-controls_6595b64144ccf1df_6.0.17763.1757_none_de724378534a71c4\COMCTL32.dll
0x00007ffea8850000 - 0x00007ffea8b7e000 	C:\Windows\System32\combase.dll
0x00007ffea5620000 - 0x00007ffea569f000 	C:\Windows\System32\bcryptPrimitives.dll
0x00007ffea6ae0000 - 0x00007ffea6b0e000 	C:\Windows\System32\IMM32.DLL
0x0000000050050000 - 0x0000000050122000 	C:\Program Files\Android\Android Studio\jre\jre\bin\msvcr100.dll
0x0000000050210000 - 0x0000000050a5b000 	C:\Program Files\Android\Android Studio\jre\jre\bin\server\jvm.dll
0x00007ffea63d0000 - 0x00007ffea63d8000 	C:\Windows\System32\PSAPI.DLL
0x00007ffe96c40000 - 0x00007ffe96c49000 	C:\Windows\SYSTEM32\WSOCK32.dll
0x00007ffea6850000 - 0x00007ffea68bd000 	C:\Windows\System32\WS2_32.dll
0x00007ffea2ce0000 - 0x00007ffea2d04000 	C:\Windows\SYSTEM32\WINMM.dll
0x00007ffe9e500000 - 0x00007ffe9e50a000 	C:\Windows\SYSTEM32\VERSION.dll
0x00007ffea2cb0000 - 0x00007ffea2cdd000 	C:\Windows\SYSTEM32\winmmbase.dll
0x00007ffea5ff0000 - 0x00007ffea603a000 	C:\Windows\System32\cfgmgr32.dll
0x00007ffea14e0000 - 0x00007ffea14ef000 	C:\Program Files\Android\Android Studio\jre\jre\bin\verify.dll
0x00007ffea14b0000 - 0x00007ffea14d9000 	C:\Program Files\Android\Android Studio\jre\jre\bin\java.dll
0x00007ffea1490000 - 0x00007ffea14a6000 	C:\Program Files\Android\Android Studio\jre\jre\bin\zip.dll
0x00007ffea72b0000 - 0x00007ffea87a9000 	C:\Windows\System32\SHELL32.dll
0x00007ffea6b90000 - 0x00007ffea6c38000 	C:\Windows\System32\shcore.dll
0x00007ffea57f0000 - 0x00007ffea5f3b000 	C:\Windows\System32\windows.storage.dll
0x00007ffea4ed0000 - 0x00007ffea4ef4000 	C:\Windows\System32\profapi.dll
0x00007ffea4e70000 - 0x00007ffea4ecd000 	C:\Windows\System32\powrprof.dll
0x00007ffea6210000 - 0x00007ffea6262000 	C:\Windows\System32\shlwapi.dll
0x00007ffea4e50000 - 0x00007ffea4e61000 	C:\Windows\System32\kernel.appcore.dll
0x00007ffea56a0000 - 0x00007ffea56b7000 	C:\Windows\System32\cryptsp.dll
0x00007ffea1470000 - 0x00007ffea148a000 	C:\Program Files\Android\Android Studio\jre\jre\bin\net.dll
0x00007ffea4630000 - 0x00007ffea4697000 	C:\Windows\system32\mswsock.dll
0x00007ffea1450000 - 0x00007ffea1463000 	C:\Program Files\Android\Android Studio\jre\jre\bin\nio.dll
0x00007ffe85e00000 - 0x00007ffe85e27000 	C:\Users\pc\.gradle\native\f6784746aeab05261644944871eae4fe03e0ef1612fff0a4a95f87b438bc6780\windows-amd64\native-platform.dll
0x00007ffea1440000 - 0x00007ffea144d000 	C:\Program Files\Android\Android Studio\jre\jre\bin\management.dll
0x00007ffea41c0000 - 0x00007ffea41f3000 	C:\Windows\system32\rsaenh.dll
0x00007ffea57c0000 - 0x00007ffea57e6000 	C:\Windows\System32\bcrypt.dll
0x00007ffea4d60000 - 0x00007ffea4d89000 	C:\Windows\SYSTEM32\USERENV.dll
0x00007ffea4800000 - 0x00007ffea480c000 	C:\Windows\SYSTEM32\CRYPTBASE.dll
0x00007ffea4350000 - 0x00007ffea438d000 	C:\Windows\SYSTEM32\IPHLPAPI.DLL
0x00007ffea6b10000 - 0x00007ffea6b18000 	C:\Windows\System32\NSI.dll
0x00007ffe9d8a0000 - 0x00007ffe9d8b6000 	C:\Windows\SYSTEM32\dhcpcsvc6.DLL
0x00007ffe9d970000 - 0x00007ffe9d98c000 	C:\Windows\SYSTEM32\dhcpcsvc.DLL
0x00007ffea4390000 - 0x00007ffea4456000 	C:\Windows\SYSTEM32\DNSAPI.dll
0x00007ffe9dae0000 - 0x00007ffe9daeb000 	C:\Windows\SYSTEM32\WINNSI.DLL
0x00007ffe998d0000 - 0x00007ffe998f4000 	C:\Program Files\Android\Android Studio\jre\jre\bin\sunec.dll
0x00007ffe98190000 - 0x00007ffe9819a000 	C:\Windows\System32\rasadhlp.dll
0x00007ffe99900000 - 0x00007ffe99979000 	C:\Windows\System32\fwpuclnt.dll
0x00007ffea1400000 - 0x00007ffea140b000 	C:\Program Files\Android\Android Studio\jre\jre\bin\sunmscapi.dll
0x00007ffea51a0000 - 0x00007ffea537c000 	C:\Windows\System32\CRYPT32.dll
0x00007ffea4e30000 - 0x00007ffea4e42000 	C:\Windows\System32\MSASN1.dll
0x00007ffea3ea0000 - 0x00007ffea3ed1000 	C:\Windows\SYSTEM32\ntmarta.dll
0x00007ffea2d10000 - 0x00007ffea2d9c000 	C:\Windows\system32\apphelp.dll

VM Arguments:
jvm_args: -Xmx2048m -Dfile.encoding=UTF-8 -Duser.country=RU -Duser.language=ru -Duser.variant 
java_command: org.gradle.launcher.daemon.bootstrap.GradleDaemon 6.5
java_class_path (initial): C:\Users\pc\.gradle\wrapper\dists\gradle-6.5-bin\6nifqtx7604sqp1q6g8wikw7p\gradle-6.5\lib\gradle-launcher-6.5.jar
Launcher Type: SUN_STANDARD

Environment Variables:
PATH=C:\Windows\system32;C:\Windows;C:\Windows\System32\Wbem;C:\Windows\System32\WindowsPowerShell\v1.0\;C:\Windows\System32\OpenSSH\;C:\adb;C:\Program Files\Git\cmd;C:\Users\pc\AppData\Local\Microsoft\WindowsApps;C:\Users\pc\AppData\Local\GitHubDesktop\bin
USERNAME=pc
OS=Windows_NT
PROCESSOR_IDENTIFIER=Intel64 Family 6 Model 58 Stepping 9, GenuineIntel



---------------  S Y S T E M  ---------------

OS: Windows 10.0 , 64 bit Build 17763 (10.0.17763.475)

CPU:total 4 (initial active 4) (2 cores per cpu, 2 threads per core) family 6 model 58 stepping 9, cmov, cx8, fxsr, mmx, sse, sse2, sse3, ssse3, sse4.1, sse4.2, popcnt, avx, aes, clmul, erms, ht, tsc, tscinvbit, tscinv

Memory: 4k page, physical 6146036k(416544k free), swap 8243188k(5948k free)

vm_info: OpenJDK 64-Bit Server VM (25.242-b01) for windows-amd64 JRE (1.8.0_242-release-1644-b01), built by "builder" with MS VC++ 10.0 (VS2010)

time: Tue Mar 02 13:18:54 2021
timezone: Бангладеш (зима)
elapsed time: 1885 seconds (0d 0h 31m 25s)

